This file contains any messages produced by compilers while
running configure, to aid debugging if configure makes a mistake.

It was created by libgloss configure LIBGLOSS_VERSION, which was
generated by GNU Autoconf 2.68.  Invocation command line was

  $ /cygdrive/d/intelfpga_lite/18.1/nios2eds/bin/gnu/src/newlib-2.2/libgloss/configure --cache-file=./config.cache --with-newlib --with-cross-host=x86_64-unknown-cygwin --enable-multilib --enable-newlib-nano-malloc --prefix=/cygdrive/d/Uni/Year-2/InfoProc/Group_Proj/group_proj/software/groupProj_bsp/newlib --program-transform-name=s&^&nios2-elf-& --disable-option-checking --with-target-subdir=nios2-elf --build=x86_64-unknown-cygwin --host=nios2-elf --target=nios2-elf --srcdir=/cygdrive/d/intelfpga_lite/18.1/nios2eds/bin/gnu/src/newlib-2.2/libgloss

## --------- ##
## Platform. ##
## --------- ##

hostname = Dell-G15
uname -m = x86_64
uname -r = 1.7.32(0.274/5/3)
uname -s = CYGWIN_NT-10.0
uname -v = 2014-08-13 23:06

/usr/bin/uname -p = unknown
/bin/uname -X     = unknown

/bin/arch              = x86_64
/usr/bin/arch -k       = unknown
/usr/convex/getsysinfo = unknown
/usr/bin/hostinfo      = unknown
/bin/machine           = unknown
/usr/bin/oslevel       = unknown
/bin/universe          = unknown

PATH: /bin
PATH: /cygdrive/d/intelFPGA_lite/18.1/nios2eds/bin/gnu/H-x86_64-mingw32/bin


## ----------- ##
## Core tests. ##
## ----------- ##

configure:1736: creating cache ./config.cache
configure:1868: checking for a BSD-compatible install
configure:1936: result: /bin/install -c
configure:1952: checking build system type
configure:1966: result: x86_64-unknown-cygwin
configure:1986: checking host system type
configure:1999: result: nios2-unknown-elf
configure:2019: checking target system type
configure:2032: result: nios2-unknown-elf
configure:2060: checking whether build environment is sane
configure:2097: result: yes
configure:2159: checking for gawk
configure:2186: result: gawk
configure:2197: checking whether make sets $(MAKE)
configure:2219: result: yes
configure:2284: checking for nios2-elf-strip
configure:2311: result: nios2-elf-strip
configure:2594: checking for style of include used by make
configure:2622: result: GNU
configure:2649: checking for gcc
configure:2676: result: /cygdrive/d/Uni/Year-2/InfoProc/Group_Proj/group_proj/software/groupProj_bsp/newlib-build-tmp/build-newlib-stage-wrapper nios2-elf-gcc -B/cygdrive/d/Uni/Year-2/InfoProc/Group_Proj/group_proj/software/groupProj_bsp/newlib-build-tmp/smallc/nios2-elf/newlib/ -isystem /cygdrive/d/Uni/Year-2/InfoProc/Group_Proj/group_proj/software/groupProj_bsp/newlib-build-tmp/smallc/nios2-elf/newlib/targ-include -isystem /cygdrive/d/intelfpga_lite/18.1/nios2eds/bin/gnu/src/newlib-2.2/newlib/libc/include -B/cygdrive/d/Uni/Year-2/InfoProc/Group_Proj/group_proj/software/groupProj_bsp/newlib-build-tmp/smallc/nios2-elf/libgloss/nios2 -L/cygdrive/d/Uni/Year-2/InfoProc/Group_Proj/group_proj/software/groupProj_bsp/newlib-build-tmp/smallc/nios2-elf/libgloss/libnosys -L/cygdrive/d/intelfpga_lite/18.1/nios2eds/bin/gnu/src/newlib-2.2/libgloss/nios2   
configure:2687: checking dependency style of /cygdrive/d/Uni/Year-2/InfoProc/Group_Proj/group_proj/software/groupProj_bsp/newlib-build-tmp/build-newlib-stage-wrapper nios2-elf-gcc -B/cygdrive/d/Uni/Year-2/InfoProc/Group_Proj/group_proj/software/groupProj_bsp/newlib-build-tmp/smallc/nios2-elf/newlib/ -isystem /cygdrive/d/Uni/Year-2/InfoProc/Group_Proj/group_proj/software/groupProj_bsp/newlib-build-tmp/smallc/nios2-elf/newlib/targ-include -isystem /cygdrive/d/intelfpga_lite/18.1/nios2eds/bin/gnu/src/newlib-2.2/newlib/libc/include -B/cygdrive/d/Uni/Year-2/InfoProc/Group_Proj/group_proj/software/groupProj_bsp/newlib-build-tmp/smallc/nios2-elf/libgloss/nios2 -L/cygdrive/d/Uni/Year-2/InfoProc/Group_Proj/group_proj/software/groupProj_bsp/newlib-build-tmp/smallc/nios2-elf/libgloss/libnosys -L/cygdrive/d/intelfpga_lite/18.1/nios2eds/bin/gnu/src/newlib-2.2/libgloss/nios2   
configure:2777: result: gcc3
configure:2852: checking whether we are using GNU C
configure:2863: /cygdrive/d/Uni/Year-2/InfoProc/Group_Proj/group_proj/software/groupProj_bsp/newlib-build-tmp/build-newlib-stage-wrapper nios2-elf-gcc -B/cygdrive/d/Uni/Year-2/InfoProc/Group_Proj/group_proj/software/groupProj_bsp/newlib-build-tmp/smallc/nios2-elf/newlib/ -isystem /cygdrive/d/Uni/Year-2/InfoProc/Group_Proj/group_proj/software/groupProj_bsp/newlib-build-tmp/smallc/nios2-elf/newlib/targ-include -isystem /cygdrive/d/intelfpga_lite/18.1/nios2eds/bin/gnu/src/newlib-2.2/newlib/libc/include -B/cygdrive/d/Uni/Year-2/InfoProc/Group_Proj/group_proj/software/groupProj_bsp/newlib-build-tmp/smallc/nios2-elf/libgloss/nios2 -L/cygdrive/d/Uni/Year-2/InfoProc/Group_Proj/group_proj/software/groupProj_bsp/newlib-build-tmp/smallc/nios2-elf/libgloss/libnosys -L/cygdrive/d/intelfpga_lite/18.1/nios2eds/bin/gnu/src/newlib-2.2/libgloss/nios2    -E conftest.c
configure:2866: $? = 0
configure:2873: result: yes
configure:2883: checking whether /cygdrive/d/Uni/Year-2/InfoProc/Group_Proj/group_proj/software/groupProj_bsp/newlib-build-tmp/build-newlib-stage-wrapper nios2-elf-gcc -B/cygdrive/d/Uni/Year-2/InfoProc/Group_Proj/group_proj/software/groupProj_bsp/newlib-build-tmp/smallc/nios2-elf/newlib/ -isystem /cygdrive/d/Uni/Year-2/InfoProc/Group_Proj/group_proj/software/groupProj_bsp/newlib-build-tmp/smallc/nios2-elf/newlib/targ-include -isystem /cygdrive/d/intelfpga_lite/18.1/nios2eds/bin/gnu/src/newlib-2.2/newlib/libc/include -B/cygdrive/d/Uni/Year-2/InfoProc/Group_Proj/group_proj/software/groupProj_bsp/newlib-build-tmp/smallc/nios2-elf/libgloss/nios2 -L/cygdrive/d/Uni/Year-2/InfoProc/Group_Proj/group_proj/software/groupProj_bsp/newlib-build-tmp/smallc/nios2-elf/libgloss/libnosys -L/cygdrive/d/intelfpga_lite/18.1/nios2eds/bin/gnu/src/newlib-2.2/libgloss/nios2    accepts -g
configure:2903: /cygdrive/d/Uni/Year-2/InfoProc/Group_Proj/group_proj/software/groupProj_bsp/newlib-build-tmp/build-newlib-stage-wrapper nios2-elf-gcc -B/cygdrive/d/Uni/Year-2/InfoProc/Group_Proj/group_proj/software/groupProj_bsp/newlib-build-tmp/smallc/nios2-elf/newlib/ -isystem /cygdrive/d/Uni/Year-2/InfoProc/Group_Proj/group_proj/software/groupProj_bsp/newlib-build-tmp/smallc/nios2-elf/newlib/targ-include -isystem /cygdrive/d/intelfpga_lite/18.1/nios2eds/bin/gnu/src/newlib-2.2/newlib/libc/include -B/cygdrive/d/Uni/Year-2/InfoProc/Group_Proj/group_proj/software/groupProj_bsp/newlib-build-tmp/smallc/nios2-elf/libgloss/nios2 -L/cygdrive/d/Uni/Year-2/InfoProc/Group_Proj/group_proj/software/groupProj_bsp/newlib-build-tmp/smallc/nios2-elf/libgloss/libnosys -L/cygdrive/d/intelfpga_lite/18.1/nios2eds/bin/gnu/src/newlib-2.2/libgloss/nios2    -c -g  conftest.c >&5
configure:2903: $? = 0
configure: failed program was:
| /* confdefs.h */
| #define PACKAGE_NAME "libgloss"
| #define PACKAGE_TARNAME "libgloss"
| #define PACKAGE_VERSION "LIBGLOSS_VERSION"
| #define PACKAGE_STRING "libgloss LIBGLOSS_VERSION"
| #define PACKAGE_BUGREPORT ""
| #define PACKAGE_URL ""
| /* end confdefs.h.  */
| 
| int
| main ()
| {
| 
|   ;
|   return 0;
| }
configure:2918: /cygdrive/d/Uni/Year-2/InfoProc/Group_Proj/group_proj/software/groupProj_bsp/newlib-build-tmp/build-newlib-stage-wrapper nios2-elf-gcc -B/cygdrive/d/Uni/Year-2/InfoProc/Group_Proj/group_proj/software/groupProj_bsp/newlib-build-tmp/smallc/nios2-elf/newlib/ -isystem /cygdrive/d/Uni/Year-2/InfoProc/Group_Proj/group_proj/software/groupProj_bsp/newlib-build-tmp/smallc/nios2-elf/newlib/targ-include -isystem /cygdrive/d/intelfpga_lite/18.1/nios2eds/bin/gnu/src/newlib-2.2/newlib/libc/include -B/cygdrive/d/Uni/Year-2/InfoProc/Group_Proj/group_proj/software/groupProj_bsp/newlib-build-tmp/smallc/nios2-elf/libgloss/nios2 -L/cygdrive/d/Uni/Year-2/InfoProc/Group_Proj/group_proj/software/groupProj_bsp/newlib-build-tmp/smallc/nios2-elf/libgloss/libnosys -L/cygdrive/d/intelfpga_lite/18.1/nios2eds/bin/gnu/src/newlib-2.2/libgloss/nios2    -c   conftest.c >&5
configure:2918: $? = 0
configure: failed program was:
| /* confdefs.h */
| #define PACKAGE_NAME "libgloss"
| #define PACKAGE_TARNAME "libgloss"
| #define PACKAGE_VERSION "LIBGLOSS_VERSION"
| #define PACKAGE_STRING "libgloss LIBGLOSS_VERSION"
| #define PACKAGE_BUGREPORT ""
| #define PACKAGE_URL ""
| /* end confdefs.h.  */
| 
| int
| main ()
| {
| 
|   ;
|   return 0;
| }
configure:2934: /cygdrive/d/Uni/Year-2/InfoProc/Group_Proj/group_proj/software/groupProj_bsp/newlib-build-tmp/build-newlib-stage-wrapper nios2-elf-gcc -B/cygdrive/d/Uni/Year-2/InfoProc/Group_Proj/group_proj/software/groupProj_bsp/newlib-build-tmp/smallc/nios2-elf/newlib/ -isystem /cygdrive/d/Uni/Year-2/InfoProc/Group_Proj/group_proj/software/groupProj_bsp/newlib-build-tmp/smallc/nios2-elf/newlib/targ-include -isystem /cygdrive/d/intelfpga_lite/18.1/nios2eds/bin/gnu/src/newlib-2.2/newlib/libc/include -B/cygdrive/d/Uni/Year-2/InfoProc/Group_Proj/group_proj/software/groupProj_bsp/newlib-build-tmp/smallc/nios2-elf/libgloss/nios2 -L/cygdrive/d/Uni/Year-2/InfoProc/Group_Proj/group_proj/software/groupProj_bsp/newlib-build-tmp/smallc/nios2-elf/libgloss/libnosys -L/cygdrive/d/intelfpga_lite/18.1/nios2eds/bin/gnu/src/newlib-2.2/libgloss/nios2    -c -g  conftest.c >&5
configure:2934: $? = 0
configure: failed program was:
| /* confdefs.h */
| #define PACKAGE_NAME "libgloss"
| #define PACKAGE_TARNAME "libgloss"
| #define PACKAGE_VERSION "LIBGLOSS_VERSION"
| #define PACKAGE_STRING "libgloss LIBGLOSS_VERSION"
| #define PACKAGE_BUGREPORT ""
| #define PACKAGE_URL ""
| /* end confdefs.h.  */
| 
| int
| main ()
| {
| 
|   ;
|   return 0;
| }
configure:2944: result: no
configure:2977: checking for ar
configure:3005: result: /cygdrive/d/Uni/Year-2/InfoProc/Group_Proj/group_proj/software/groupProj_bsp/newlib-build-tmp/build-newlib-stage-wrapper nios2-elf-ar
configure:3020: checking for nios2-elf-ranlib
configure:3047: result: /cygdrive/d/Uni/Year-2/InfoProc/Group_Proj/group_proj/software/groupProj_bsp/newlib-build-tmp/build-newlib-stage-wrapper nios2-elf-ranlib
configure:3116: checking for .preinit_array/.init_array/.fini_array support
configure:3129: /cygdrive/d/Uni/Year-2/InfoProc/Group_Proj/group_proj/software/groupProj_bsp/newlib-build-tmp/build-newlib-stage-wrapper nios2-elf-gcc -B/cygdrive/d/Uni/Year-2/InfoProc/Group_Proj/group_proj/software/groupProj_bsp/newlib-build-tmp/smallc/nios2-elf/newlib/ -isystem /cygdrive/d/Uni/Year-2/InfoProc/Group_Proj/group_proj/software/groupProj_bsp/newlib-build-tmp/smallc/nios2-elf/newlib/targ-include -isystem /cygdrive/d/intelfpga_lite/18.1/nios2eds/bin/gnu/src/newlib-2.2/newlib/libc/include -B/cygdrive/d/Uni/Year-2/InfoProc/Group_Proj/group_proj/software/groupProj_bsp/newlib-build-tmp/smallc/nios2-elf/libgloss/nios2 -L/cygdrive/d/Uni/Year-2/InfoProc/Group_Proj/group_proj/software/groupProj_bsp/newlib-build-tmp/smallc/nios2-elf/libgloss/libnosys -L/cygdrive/d/intelfpga_lite/18.1/nios2eds/bin/gnu/src/newlib-2.2/libgloss/nios2       -o conftest conftest.c
		   -static -nostartfiles -nostdlib 1>&5
configure:3132: $? = 0
configure:3145: result: yes
configure:3236: updating cache ./config.cache
configure:3329: creating ./config.status

## ---------------------- ##
## Running config.status. ##
## ---------------------- ##

This file was extended by libgloss config.status LIBGLOSS_VERSION, which was
generated by GNU Autoconf 2.68.  Invocation command line was

  CONFIG_FILES    = 
  CONFIG_HEADERS  = 
  CONFIG_LINKS    = 
  CONFIG_COMMANDS = 
  $ ./config.status 

on Dell-G15

config.status:834: creating Makefile
config.status:990: executing depfiles commands
configure:4571: === configuring in doc (/cygdrive/d/Uni/Year-2/InfoProc/Group_Proj/group_proj/software/groupProj_bsp/newlib-build-tmp/smallc/nios2-elf/libgloss/doc)
configure:4634: running /bin/sh /cygdrive/d/intelfpga_lite/18.1/nios2eds/bin/gnu/src/newlib-2.2/libgloss/doc/configure --disable-option-checking '--prefix=/cygdrive/d/Uni/Year-2/InfoProc/Group_Proj/group_proj/software/groupProj_bsp/newlib'  '--with-newlib' '--with-cross-host=x86_64-unknown-cygwin' '--enable-multilib' '--enable-newlib-nano-malloc' '--program-transform-name=s&^&nios2-elf-&' '--with-target-subdir=nios2-elf' '--build=x86_64-unknown-cygwin' '--host=nios2-elf' '--target=nios2-elf' 'build_alias=x86_64-unknown-cygwin' 'host_alias=nios2-elf' 'target_alias=nios2-elf' --cache-file=.././config.cache --srcdir=/cygdrive/d/intelfpga_lite/18.1/nios2eds/bin/gnu/src/newlib-2.2/libgloss/doc
configure:4571: === configuring in nios2 (/cygdrive/d/Uni/Year-2/InfoProc/Group_Proj/group_proj/software/groupProj_bsp/newlib-build-tmp/smallc/nios2-elf/libgloss/nios2)
configure:4634: running /bin/sh /cygdrive/d/intelfpga_lite/18.1/nios2eds/bin/gnu/src/newlib-2.2/libgloss/nios2/configure --disable-option-checking '--prefix=/cygdrive/d/Uni/Year-2/InfoProc/Group_Proj/group_proj/software/groupProj_bsp/newlib'  '--with-newlib' '--with-cross-host=x86_64-unknown-cygwin' '--enable-multilib' '--enable-newlib-nano-malloc' '--program-transform-name=s&^&nios2-elf-&' '--with-target-subdir=nios2-elf' '--build=x86_64-unknown-cygwin' '--host=nios2-elf' '--target=nios2-elf' 'build_alias=x86_64-unknown-cygwin' 'host_alias=nios2-elf' 'target_alias=nios2-elf' --cache-file=.././config.cache --srcdir=/cygdrive/d/intelfpga_lite/18.1/nios2eds/bin/gnu/src/newlib-2.2/libgloss/nios2

## ---------------- ##
## Cache variables. ##
## ---------------- ##

ac_cv_build=x86_64-unknown-cygwin
ac_cv_c_compiler_gnu=yes
ac_cv_env_CCASFLAGS_set=
ac_cv_env_CCASFLAGS_value=
ac_cv_env_CCAS_set=
ac_cv_env_CCAS_value=
ac_cv_env_build_alias_set=set
ac_cv_env_build_alias_value=x86_64-unknown-cygwin
ac_cv_env_host_alias_set=set
ac_cv_env_host_alias_value=nios2-elf
ac_cv_env_target_alias_set=set
ac_cv_env_target_alias_value=nios2-elf
ac_cv_host=nios2-unknown-elf
ac_cv_path_install='/bin/install -c'
ac_cv_prog_AR='/cygdrive/d/Uni/Year-2/InfoProc/Group_Proj/group_proj/software/groupProj_bsp/newlib-build-tmp/build-newlib-stage-wrapper nios2-elf-ar'
ac_cv_prog_AWK=gawk
ac_cv_prog_CC='/cygdrive/d/Uni/Year-2/InfoProc/Group_Proj/group_proj/software/groupProj_bsp/newlib-build-tmp/build-newlib-stage-wrapper nios2-elf-gcc -B/cygdrive/d/Uni/Year-2/InfoProc/Group_Proj/group_proj/software/groupProj_bsp/newlib-build-tmp/smallc/nios2-elf/newlib/ -isystem /cygdrive/d/Uni/Year-2/InfoProc/Group_Proj/group_proj/software/groupProj_bsp/newlib-build-tmp/smallc/nios2-elf/newlib/targ-include -isystem /cygdrive/d/intelfpga_lite/18.1/nios2eds/bin/gnu/src/newlib-2.2/newlib/libc/include -B/cygdrive/d/Uni/Year-2/InfoProc/Group_Proj/group_proj/software/groupProj_bsp/newlib-build-tmp/smallc/nios2-elf/libgloss/nios2 -L/cygdrive/d/Uni/Year-2/InfoProc/Group_Proj/group_proj/software/groupProj_bsp/newlib-build-tmp/smallc/nios2-elf/libgloss/libnosys -L/cygdrive/d/intelfpga_lite/18.1/nios2eds/bin/gnu/src/newlib-2.2/libgloss/nios2   '
ac_cv_prog_RANLIB='/cygdrive/d/Uni/Year-2/InfoProc/Group_Proj/group_proj/software/groupProj_bsp/newlib-build-tmp/build-newlib-stage-wrapper nios2-elf-ranlib'
ac_cv_prog_STRIP=nios2-elf-strip
ac_cv_prog_cc_g=no
ac_cv_prog_make_make_set=yes
ac_cv_target=nios2-unknown-elf
am_cv_CC_dependencies_compiler_type=gcc3
libc_cv_initfinit_array=yes

## ----------------- ##
## Output variables. ##
## ----------------- ##

ACLOCAL='${SHELL} /cygdrive/d/intelfpga_lite/18.1/nios2eds/bin/gnu/src/newlib-2.2/missing --run aclocal-1.9'
AMDEPBACKSLASH='\'
AMDEP_FALSE='#'
AMDEP_TRUE=''
AMTAR='${SHELL} /cygdrive/d/intelfpga_lite/18.1/nios2eds/bin/gnu/src/newlib-2.2/missing --run tar'
AR='/cygdrive/d/Uni/Year-2/InfoProc/Group_Proj/group_proj/software/groupProj_bsp/newlib-build-tmp/build-newlib-stage-wrapper nios2-elf-ar'
AS='/cygdrive/d/Uni/Year-2/InfoProc/Group_Proj/group_proj/software/groupProj_bsp/newlib-build-tmp/build-newlib-stage-wrapper nios2-elf-as'
AUTOCONF='${SHELL} /cygdrive/d/intelfpga_lite/18.1/nios2eds/bin/gnu/src/newlib-2.2/missing --run autoconf'
AUTOHEADER='${SHELL} /cygdrive/d/intelfpga_lite/18.1/nios2eds/bin/gnu/src/newlib-2.2/missing --run autoheader'
AUTOMAKE='${SHELL} /cygdrive/d/intelfpga_lite/18.1/nios2eds/bin/gnu/src/newlib-2.2/missing --run automake-1.9'
AWK='gawk'
CC='/cygdrive/d/Uni/Year-2/InfoProc/Group_Proj/group_proj/software/groupProj_bsp/newlib-build-tmp/build-newlib-stage-wrapper nios2-elf-gcc -B/cygdrive/d/Uni/Year-2/InfoProc/Group_Proj/group_proj/software/groupProj_bsp/newlib-build-tmp/smallc/nios2-elf/newlib/ -isystem /cygdrive/d/Uni/Year-2/InfoProc/Group_Proj/group_proj/software/groupProj_bsp/newlib-build-tmp/smallc/nios2-elf/newlib/targ-include -isystem /cygdrive/d/intelfpga_lite/18.1/nios2eds/bin/gnu/src/newlib-2.2/newlib/libc/include -B/cygdrive/d/Uni/Year-2/InfoProc/Group_Proj/group_proj/software/groupProj_bsp/newlib-build-tmp/smallc/nios2-elf/libgloss/nios2 -L/cygdrive/d/Uni/Year-2/InfoProc/Group_Proj/group_proj/software/groupProj_bsp/newlib-build-tmp/smallc/nios2-elf/libgloss/libnosys -L/cygdrive/d/intelfpga_lite/18.1/nios2eds/bin/gnu/src/newlib-2.2/libgloss/nios2   '
CCAS='/cygdrive/d/Uni/Year-2/InfoProc/Group_Proj/group_proj/software/groupProj_bsp/newlib-build-tmp/build-newlib-stage-wrapper nios2-elf-gcc -B/cygdrive/d/Uni/Year-2/InfoProc/Group_Proj/group_proj/software/groupProj_bsp/newlib-build-tmp/smallc/nios2-elf/newlib/ -isystem /cygdrive/d/Uni/Year-2/InfoProc/Group_Proj/group_proj/software/groupProj_bsp/newlib-build-tmp/smallc/nios2-elf/newlib/targ-include -isystem /cygdrive/d/intelfpga_lite/18.1/nios2eds/bin/gnu/src/newlib-2.2/newlib/libc/include -B/cygdrive/d/Uni/Year-2/InfoProc/Group_Proj/group_proj/software/groupProj_bsp/newlib-build-tmp/smallc/nios2-elf/libgloss/nios2 -L/cygdrive/d/Uni/Year-2/InfoProc/Group_Proj/group_proj/software/groupProj_bsp/newlib-build-tmp/smallc/nios2-elf/libgloss/libnosys -L/cygdrive/d/intelfpga_lite/18.1/nios2eds/bin/gnu/src/newlib-2.2/libgloss/nios2   '
CCASFLAGS=''
CCDEPMODE='depmode=gcc3'
CYGPATH_W='cygpath -w'
DEFS='-DPACKAGE_NAME=\"libgloss\" -DPACKAGE_TARNAME=\"libgloss\" -DPACKAGE_VERSION=\"LIBGLOSS_VERSION\" -DPACKAGE_STRING=\"libgloss\ LIBGLOSS_VERSION\" -DPACKAGE_BUGREPORT=\"\" -DPACKAGE_URL=\"\" -DHAVE_INITFINI_ARRAY=1'
DEPDIR='.deps'
ECHO_C=''
ECHO_N='-n'
ECHO_T=''
INSTALL_DATA='${INSTALL} -m 644'
INSTALL_PROGRAM='${INSTALL}'
INSTALL_SCRIPT='${INSTALL}'
INSTALL_STRIP_PROGRAM='${SHELL} $(install_sh) -c -s'
LD='nios2-elf-ld'
LIBOBJS=''
LIBS=''
LTLIBOBJS=''
MAKEINFO='makeinfo'
PACKAGE='libgloss'
PACKAGE_BUGREPORT=''
PACKAGE_NAME='libgloss'
PACKAGE_STRING='libgloss LIBGLOSS_VERSION'
PACKAGE_TARNAME='libgloss'
PACKAGE_URL=''
PACKAGE_VERSION='LIBGLOSS_VERSION'
PATH_SEPARATOR=':'
RANLIB='/cygdrive/d/Uni/Year-2/InfoProc/Group_Proj/group_proj/software/groupProj_bsp/newlib-build-tmp/build-newlib-stage-wrapper nios2-elf-ranlib'
SET_MAKE=''
SHELL='/bin/sh'
STRIP='nios2-elf-strip'
VERSION='LIBGLOSS_VERSION'
am__fastdepCC_FALSE='#'
am__fastdepCC_TRUE=''
am__include='include'
am__leading_dot='.'
am__quote=''
am__tar='${AMTAR} chof - "$$tardir"'
am__untar='${AMTAR} xf -'
bindir='${exec_prefix}/bin'
build='x86_64-unknown-cygwin'
build_alias='x86_64-unknown-cygwin'
build_cpu='x86_64'
build_os='cygwin'
build_vendor='unknown'
datadir='${datarootdir}'
datarootdir='${prefix}/share'
docdir='${datarootdir}/doc/${PACKAGE_TARNAME}'
dvidir='${docdir}'
exec_prefix='${prefix}'
host='nios2-unknown-elf'
host_alias='nios2-elf'
host_cpu='nios2'
host_makefile_frag_path='/cygdrive/d/intelfpga_lite/18.1/nios2eds/bin/gnu/src/newlib-2.2/libgloss/config/default.mh'
host_os='elf'
host_vendor='unknown'
htmldir='${docdir}'
includedir='${prefix}/include'
infodir='${datarootdir}/info'
install_sh='/cygdrive/d/intelfpga_lite/18.1/nios2eds/bin/gnu/src/newlib-2.2/install-sh'
libc_cv_initfinit_array='yes'
libdir='${exec_prefix}/lib'
libexecdir='${exec_prefix}/libexec'
localedir='${datarootdir}/locale'
localstatedir='${prefix}/var'
mandir='${datarootdir}/man'
mkdir_p='mkdir -p --'
oldincludedir='/usr/include'
pdfdir='${docdir}'
prefix='/cygdrive/d/Uni/Year-2/InfoProc/Group_Proj/group_proj/software/groupProj_bsp/newlib'
program_transform_name='s&^&nios2-elf-&'
psdir='${docdir}'
sbindir='${exec_prefix}/sbin'
sharedstatedir='${prefix}/com'
subdirs=' doc nios2'
sysconfdir='${prefix}/etc'
target='nios2-unknown-elf'
target_alias='nios2-elf'
target_cpu='nios2'
target_os='elf'
target_vendor='unknown'

## ------------------- ##
## File substitutions. ##
## ------------------- ##

host_makefile_frag='/cygdrive/d/intelfpga_lite/18.1/nios2eds/bin/gnu/src/newlib-2.2/libgloss/config/default.mh'

## ----------- ##
## confdefs.h. ##
## ----------- ##

/* confdefs.h */
#define PACKAGE_NAME "libgloss"
#define PACKAGE_TARNAME "libgloss"
#define PACKAGE_VERSION "LIBGLOSS_VERSION"
#define PACKAGE_STRING "libgloss LIBGLOSS_VERSION"
#define PACKAGE_BUGREPORT ""
#define PACKAGE_URL ""
#define HAVE_INITFINI_ARRAY 1

configure: exit 0
