This file contains any messages produced by compilers while
running configure, to aid debugging if configure makes a mistake.

It was created by newlib configure 2.2.0, which was
generated by GNU Autoconf 2.69.  Invocation command line was

  $ /cygdrive/d/intelfpga_lite/18.1/nios2eds/bin/gnu/src/newlib-2.2/newlib/libm/machine/configure --disable-option-checking --prefix=/cygdrive/d/Uni/Year-2/InfoProc/Group_Proj/group_proj/software/groupProj_bsp/newlib --with-newlib --with-cross-host=x86_64-unknown-cygwin --enable-multilib --enable-newlib-io-long-long --program-transform-name=s&^&nios2-elf-& --with-target-subdir=nios2-elf --build=x86_64-unknown-cygwin --host=nios2-elf --target=nios2-elf build_alias=x86_64-unknown-cygwin host_alias=nios2-elf target_alias=nios2-elf CC=/cygdrive/d/Uni/Year-2/InfoProc/Group_Proj/group_proj/software/groupProj_bsp/newlib-build-tmp/build-newlib-stage-wrapper nios2-elf-gcc -B/cygdrive/d/Uni/Year-2/InfoProc/Group_Proj/group_proj/software/groupProj_bsp/newlib-build-tmp/normalc/nios2-elf/newlib/ -isystem /cygdrive/d/Uni/Year-2/InfoProc/Group_Proj/group_proj/software/groupProj_bsp/newlib-build-tmp/normalc/nios2-elf/newlib/targ-include -isystem /cygdrive/d/intelfpga_lite/18.1/nios2eds/bin/gnu/src/newlib-2.2/newlib/libc/include -B/cygdrive/d/Uni/Year-2/InfoProc/Group_Proj/group_proj/software/groupProj_bsp/newlib-build-tmp/normalc/nios2-elf/libgloss/nios2 -L/cygdrive/d/Uni/Year-2/InfoProc/Group_Proj/group_proj/software/groupProj_bsp/newlib-build-tmp/normalc/nios2-elf/libgloss/libnosys -L/cygdrive/d/intelfpga_lite/18.1/nios2eds/bin/gnu/src/newlib-2.2/libgloss/nios2    CFLAGS=-g -O2 -mno-gpopt -ffunction-sections -fdata-sections -mno-gpopt LDFLAGS= CPPFLAGS= --cache-file=../.././config.cache --srcdir=/cygdrive/d/intelfpga_lite/18.1/nios2eds/bin/gnu/src/newlib-2.2/newlib/libm/machine

## --------- ##
## Platform. ##
## --------- ##

hostname = Dell-G15
uname -m = x86_64
uname -r = 1.7.32(0.274/5/3)
uname -s = CYGWIN_NT-10.0
uname -v = 2014-08-13 23:06

/usr/bin/uname -p = unknown
/bin/uname -X     = unknown

/bin/arch              = x86_64
/usr/bin/arch -k       = unknown
/usr/convex/getsysinfo = unknown
/usr/bin/hostinfo      = unknown
/bin/machine           = unknown
/usr/bin/oslevel       = unknown
/bin/universe          = unknown

PATH: /bin
PATH: /cygdrive/d/intelFPGA_lite/18.1/nios2eds/bin/gnu/H-x86_64-mingw32/bin


## ----------- ##
## Core tests. ##
## ----------- ##

configure:2078: loading cache ../.././config.cache
configure:2196: checking build system type
configure:2210: result: x86_64-unknown-cygwin
configure:2230: checking host system type
configure:2243: result: nios2-unknown-elf
configure:2279: checking for a BSD-compatible install
configure:2347: result: /bin/install -c
configure:2358: checking whether build environment is sane
configure:2408: result: yes
configure:2457: checking for nios2-elf-strip
configure:2484: result: nios2-elf-strip
configure:2549: checking for a thread-safe mkdir -p
configure:2588: result: /bin/mkdir -p
configure:2601: checking for gawk
configure:2628: result: gawk
configure:2639: checking whether make sets $(MAKE)
configure:2661: result: yes
configure:2691: checking for style of include used by make
configure:2719: result: GNU
configure:2929: checking for gcc
configure:2956: result: /cygdrive/d/Uni/Year-2/InfoProc/Group_Proj/group_proj/software/groupProj_bsp/newlib-build-tmp/build-newlib-stage-wrapper nios2-elf-gcc -B/cygdrive/d/Uni/Year-2/InfoProc/Group_Proj/group_proj/software/groupProj_bsp/newlib-build-tmp/normalc/nios2-elf/newlib/ -isystem /cygdrive/d/Uni/Year-2/InfoProc/Group_Proj/group_proj/software/groupProj_bsp/newlib-build-tmp/normalc/nios2-elf/newlib/targ-include -isystem /cygdrive/d/intelfpga_lite/18.1/nios2eds/bin/gnu/src/newlib-2.2/newlib/libc/include -B/cygdrive/d/Uni/Year-2/InfoProc/Group_Proj/group_proj/software/groupProj_bsp/newlib-build-tmp/normalc/nios2-elf/libgloss/nios2 -L/cygdrive/d/Uni/Year-2/InfoProc/Group_Proj/group_proj/software/groupProj_bsp/newlib-build-tmp/normalc/nios2-elf/libgloss/libnosys -L/cygdrive/d/intelfpga_lite/18.1/nios2eds/bin/gnu/src/newlib-2.2/libgloss/nios2   
configure:2967: checking dependency style of /cygdrive/d/Uni/Year-2/InfoProc/Group_Proj/group_proj/software/groupProj_bsp/newlib-build-tmp/build-newlib-stage-wrapper nios2-elf-gcc -B/cygdrive/d/Uni/Year-2/InfoProc/Group_Proj/group_proj/software/groupProj_bsp/newlib-build-tmp/normalc/nios2-elf/newlib/ -isystem /cygdrive/d/Uni/Year-2/InfoProc/Group_Proj/group_proj/software/groupProj_bsp/newlib-build-tmp/normalc/nios2-elf/newlib/targ-include -isystem /cygdrive/d/intelfpga_lite/18.1/nios2eds/bin/gnu/src/newlib-2.2/newlib/libc/include -B/cygdrive/d/Uni/Year-2/InfoProc/Group_Proj/group_proj/software/groupProj_bsp/newlib-build-tmp/normalc/nios2-elf/libgloss/nios2 -L/cygdrive/d/Uni/Year-2/InfoProc/Group_Proj/group_proj/software/groupProj_bsp/newlib-build-tmp/normalc/nios2-elf/libgloss/libnosys -L/cygdrive/d/intelfpga_lite/18.1/nios2eds/bin/gnu/src/newlib-2.2/libgloss/nios2   
configure:3078: result: gcc3
configure:3151: checking whether we are using GNU C
configure:3172: result: yes
configure:3181: checking whether /cygdrive/d/Uni/Year-2/InfoProc/Group_Proj/group_proj/software/groupProj_bsp/newlib-build-tmp/build-newlib-stage-wrapper nios2-elf-gcc -B/cygdrive/d/Uni/Year-2/InfoProc/Group_Proj/group_proj/software/groupProj_bsp/newlib-build-tmp/normalc/nios2-elf/newlib/ -isystem /cygdrive/d/Uni/Year-2/InfoProc/Group_Proj/group_proj/software/groupProj_bsp/newlib-build-tmp/normalc/nios2-elf/newlib/targ-include -isystem /cygdrive/d/intelfpga_lite/18.1/nios2eds/bin/gnu/src/newlib-2.2/newlib/libc/include -B/cygdrive/d/Uni/Year-2/InfoProc/Group_Proj/group_proj/software/groupProj_bsp/newlib-build-tmp/normalc/nios2-elf/libgloss/nios2 -L/cygdrive/d/Uni/Year-2/InfoProc/Group_Proj/group_proj/software/groupProj_bsp/newlib-build-tmp/normalc/nios2-elf/libgloss/libnosys -L/cygdrive/d/intelfpga_lite/18.1/nios2eds/bin/gnu/src/newlib-2.2/libgloss/nios2    accepts -g
configure:3242: result: no
configure:3275: checking for nios2-elf-as
configure:3302: result: /cygdrive/d/Uni/Year-2/InfoProc/Group_Proj/group_proj/software/groupProj_bsp/newlib-build-tmp/build-newlib-stage-wrapper nios2-elf-as
configure:3367: checking for nios2-elf-ar
configure:3394: result: /cygdrive/d/Uni/Year-2/InfoProc/Group_Proj/group_proj/software/groupProj_bsp/newlib-build-tmp/build-newlib-stage-wrapper nios2-elf-ar
configure:3459: checking for nios2-elf-ranlib
configure:3486: result: /cygdrive/d/Uni/Year-2/InfoProc/Group_Proj/group_proj/software/groupProj_bsp/newlib-build-tmp/build-newlib-stage-wrapper nios2-elf-ranlib
configure:3551: checking for nios2-elf-readelf
configure:3578: result: nios2-elf-readelf
configure:3647: checking whether to enable maintainer-specific portions of Makefiles
configure:3656: result: no
configure:3766: checking for a sed that does not truncate output
configure:3830: result: /bin/sed
configure:3852: checking how to print strings
configure:3879: result: printf
configure:12073: creating ./config.status
