This file contains any messages produced by compilers while
running configure, to aid debugging if configure makes a mistake.

It was created by configure, which was
generated by GNU Autoconf 2.61.  Invocation command line was

  $ /cygdrive/d/intelfpga_lite/18.1/nios2eds/bin/gnu/src/newlib-2.2/libgloss/doc/configure --disable-option-checking --prefix=/cygdrive/d/Uni/Year-2/InfoProc/Group_Proj/group_proj/software/groupProj_bsp/newlib --with-newlib --with-cross-host=x86_64-unknown-cygwin --enable-multilib --enable-newlib-nano-malloc --program-transform-name=s&^&nios2-elf-& --with-target-subdir=nios2-elf --build=x86_64-unknown-cygwin --host=nios2-elf --target=nios2-elf build_alias=x86_64-unknown-cygwin host_alias=nios2-elf target_alias=nios2-elf --cache-file=.././config.cache --srcdir=/cygdrive/d/intelfpga_lite/18.1/nios2eds/bin/gnu/src/newlib-2.2/libgloss/doc

## --------- ##
## Platform. ##
## --------- ##

hostname = Dell-G15
uname -m = x86_64
uname -r = 1.7.32(0.274/5/3)
uname -s = CYGWIN_NT-10.0
uname -v = 2014-08-13 23:06

/usr/bin/uname -p = unknown
/bin/uname -X     = unknown

/bin/arch              = x86_64
/usr/bin/arch -k       = unknown
/usr/convex/getsysinfo = unknown
/usr/bin/hostinfo      = unknown
/bin/machine           = unknown
/usr/bin/oslevel       = unknown
/bin/universe          = unknown

PATH: /bin
PATH: /cygdrive/d/intelFPGA_lite/18.1/nios2eds/bin/gnu/H-x86_64-mingw32/bin


## ----------- ##
## Core tests. ##
## ----------- ##

configure:1525: loading cache .././config.cache
configure:1692: checking for a BSD-compatible install
configure:1748: result: /bin/install -c
configure:1892: creating ./config.status

## ---------------------- ##
## Running config.status. ##
## ---------------------- ##

This file was extended by config.status, which was
generated by GNU Autoconf 2.61.  Invocation command line was

  CONFIG_FILES    = 
  CONFIG_HEADERS  = 
  CONFIG_LINKS    = 
  CONFIG_COMMANDS = 
  $ ./config.status 

on Dell-G15

config.status:568: creating Makefile

## ---------------- ##
## Cache variables. ##
## ---------------- ##

ac_cv_build=x86_64-unknown-cygwin
ac_cv_c_compiler_gnu=yes
ac_cv_env_CCASFLAGS_set=
ac_cv_env_CCASFLAGS_value=
ac_cv_env_CCAS_set=
ac_cv_env_CCAS_value=
ac_cv_env_build_alias_set=set
ac_cv_env_build_alias_value=x86_64-unknown-cygwin
ac_cv_env_host_alias_set=set
ac_cv_env_host_alias_value=nios2-elf
ac_cv_env_target_alias_set=set
ac_cv_env_target_alias_value=nios2-elf
ac_cv_host=nios2-unknown-elf
ac_cv_path_install='/bin/install -c'
ac_cv_prog_AR='/cygdrive/d/Uni/Year-2/InfoProc/Group_Proj/group_proj/software/groupProj_bsp/newlib-build-tmp/build-newlib-stage-wrapper nios2-elf-ar'
ac_cv_prog_AWK=gawk
ac_cv_prog_CC='/cygdrive/d/Uni/Year-2/InfoProc/Group_Proj/group_proj/software/groupProj_bsp/newlib-build-tmp/build-newlib-stage-wrapper nios2-elf-gcc -B/cygdrive/d/Uni/Year-2/InfoProc/Group_Proj/group_proj/software/groupProj_bsp/newlib-build-tmp/smallc/nios2-elf/newlib/ -isystem /cygdrive/d/Uni/Year-2/InfoProc/Group_Proj/group_proj/software/groupProj_bsp/newlib-build-tmp/smallc/nios2-elf/newlib/targ-include -isystem /cygdrive/d/intelfpga_lite/18.1/nios2eds/bin/gnu/src/newlib-2.2/newlib/libc/include -B/cygdrive/d/Uni/Year-2/InfoProc/Group_Proj/group_proj/software/groupProj_bsp/newlib-build-tmp/smallc/nios2-elf/libgloss/nios2 -L/cygdrive/d/Uni/Year-2/InfoProc/Group_Proj/group_proj/software/groupProj_bsp/newlib-build-tmp/smallc/nios2-elf/libgloss/libnosys -L/cygdrive/d/intelfpga_lite/18.1/nios2eds/bin/gnu/src/newlib-2.2/libgloss/nios2   '
ac_cv_prog_RANLIB='/cygdrive/d/Uni/Year-2/InfoProc/Group_Proj/group_proj/software/groupProj_bsp/newlib-build-tmp/build-newlib-stage-wrapper nios2-elf-ranlib'
ac_cv_prog_STRIP=nios2-elf-strip
ac_cv_prog_cc_g=no
ac_cv_prog_make_make_set=yes
ac_cv_target=nios2-unknown-elf
am_cv_CC_dependencies_compiler_type=gcc3
libc_cv_initfinit_array=yes

## ----------------- ##
## Output variables. ##
## ----------------- ##

DEFS='-DPACKAGE_NAME=\"\" -DPACKAGE_TARNAME=\"\" -DPACKAGE_VERSION=\"\" -DPACKAGE_STRING=\"\" -DPACKAGE_BUGREPORT=\"\"'
ECHO_C=''
ECHO_N='-n'
ECHO_T=''
INSTALL_DATA='${INSTALL} -m 644'
INSTALL_PROGRAM='${INSTALL}'
INSTALL_SCRIPT='${INSTALL}'
LIBOBJS=''
LIBS=''
LTLIBOBJS=''
PACKAGE_BUGREPORT=''
PACKAGE_NAME=''
PACKAGE_STRING=''
PACKAGE_TARNAME=''
PACKAGE_VERSION=''
PATH_SEPARATOR=':'
SHELL='/bin/sh'
bindir='${exec_prefix}/bin'
build_alias='x86_64-unknown-cygwin'
datadir='${datarootdir}'
datarootdir='${prefix}/share'
docdir='${datarootdir}/doc/${PACKAGE}'
dvidir='${docdir}'
exec_prefix='${prefix}'
host_alias='nios2-elf'
htmldir='${docdir}'
includedir='${prefix}/include'
infodir='${datarootdir}/info'
libdir='${exec_prefix}/lib'
libexecdir='${exec_prefix}/libexec'
localedir='${datarootdir}/locale'
localstatedir='${prefix}/var'
mandir='${datarootdir}/man'
oldincludedir='/usr/include'
pdfdir='${docdir}'
prefix='/cygdrive/d/Uni/Year-2/InfoProc/Group_Proj/group_proj/software/groupProj_bsp/newlib'
program_transform_name='s&^&nios2-elf-&'
psdir='${docdir}'
sbindir='${exec_prefix}/sbin'
sharedstatedir='${prefix}/com'
sysconfdir='${prefix}/etc'
target_alias='nios2-elf'

## ----------- ##
## confdefs.h. ##
## ----------- ##

#define PACKAGE_NAME ""
#define PACKAGE_TARNAME ""
#define PACKAGE_VERSION ""
#define PACKAGE_STRING ""
#define PACKAGE_BUGREPORT ""

configure: exit 0
