This file contains any messages produced by compilers while
running configure, to aid debugging if configure makes a mistake.

It was created by newlib configure 2.2.0, which was
generated by GNU Autoconf 2.68.  Invocation command line was

  $ /cygdrive/d/intelfpga_lite/18.1/nios2eds/bin/gnu/src/newlib-2.2/newlib/configure --cache-file=./config.cache --with-newlib --with-cross-host=x86_64-unknown-cygwin --enable-multilib --enable-newlib-nano-malloc --prefix=/cygdrive/d/Uni/Year-2/InfoProc/Group_Proj/group_proj/software/groupProj_bsp/newlib --program-transform-name=s&^&nios2-elf-& --disable-option-checking --with-target-subdir=nios2-elf --build=x86_64-unknown-cygwin --host=nios2-elf --target=nios2-elf --srcdir=/cygdrive/d/intelfpga_lite/18.1/nios2eds/bin/gnu/src/newlib-2.2/newlib

## --------- ##
## Platform. ##
## --------- ##

hostname = Dell-G15
uname -m = x86_64
uname -r = 1.7.32(0.274/5/3)
uname -s = CYGWIN_NT-10.0
uname -v = 2014-08-13 23:06

/usr/bin/uname -p = unknown
/bin/uname -X     = unknown

/bin/arch              = x86_64
/usr/bin/arch -k       = unknown
/usr/convex/getsysinfo = unknown
/usr/bin/hostinfo      = unknown
/bin/machine           = unknown
/usr/bin/oslevel       = unknown
/bin/universe          = unknown

PATH: /bin
PATH: /cygdrive/d/intelFPGA_lite/18.1/nios2eds/bin/gnu/H-x86_64-mingw32/bin


## ----------- ##
## Core tests. ##
## ----------- ##

configure:2129: creating cache ./config.cache
configure:2479: checking build system type
configure:2493: result: x86_64-unknown-cygwin
configure:2513: checking host system type
configure:2526: result: nios2-unknown-elf
configure:2562: checking for a BSD-compatible install
configure:2630: result: /bin/install -c
configure:2641: checking whether build environment is sane
configure:2691: result: yes
configure:2740: checking for nios2-elf-strip
configure:2767: result: nios2-elf-strip
configure:2832: checking for a thread-safe mkdir -p
configure:2871: result: /bin/mkdir -p
configure:2884: checking for gawk
configure:2911: result: gawk
configure:2922: checking whether make sets $(MAKE)
configure:2944: result: yes
configure:2974: checking for style of include used by make
configure:3002: result: GNU
configure:3212: checking for gcc
configure:3239: result: /cygdrive/d/Uni/Year-2/InfoProc/Group_Proj/group_proj/software/groupProj_bsp/newlib-build-tmp/build-newlib-stage-wrapper nios2-elf-gcc -B/cygdrive/d/Uni/Year-2/InfoProc/Group_Proj/group_proj/software/groupProj_bsp/newlib-build-tmp/smallc/nios2-elf/newlib/ -isystem /cygdrive/d/Uni/Year-2/InfoProc/Group_Proj/group_proj/software/groupProj_bsp/newlib-build-tmp/smallc/nios2-elf/newlib/targ-include -isystem /cygdrive/d/intelfpga_lite/18.1/nios2eds/bin/gnu/src/newlib-2.2/newlib/libc/include -B/cygdrive/d/Uni/Year-2/InfoProc/Group_Proj/group_proj/software/groupProj_bsp/newlib-build-tmp/smallc/nios2-elf/libgloss/nios2 -L/cygdrive/d/Uni/Year-2/InfoProc/Group_Proj/group_proj/software/groupProj_bsp/newlib-build-tmp/smallc/nios2-elf/libgloss/libnosys -L/cygdrive/d/intelfpga_lite/18.1/nios2eds/bin/gnu/src/newlib-2.2/libgloss/nios2   
configure:3250: checking dependency style of /cygdrive/d/Uni/Year-2/InfoProc/Group_Proj/group_proj/software/groupProj_bsp/newlib-build-tmp/build-newlib-stage-wrapper nios2-elf-gcc -B/cygdrive/d/Uni/Year-2/InfoProc/Group_Proj/group_proj/software/groupProj_bsp/newlib-build-tmp/smallc/nios2-elf/newlib/ -isystem /cygdrive/d/Uni/Year-2/InfoProc/Group_Proj/group_proj/software/groupProj_bsp/newlib-build-tmp/smallc/nios2-elf/newlib/targ-include -isystem /cygdrive/d/intelfpga_lite/18.1/nios2eds/bin/gnu/src/newlib-2.2/newlib/libc/include -B/cygdrive/d/Uni/Year-2/InfoProc/Group_Proj/group_proj/software/groupProj_bsp/newlib-build-tmp/smallc/nios2-elf/libgloss/nios2 -L/cygdrive/d/Uni/Year-2/InfoProc/Group_Proj/group_proj/software/groupProj_bsp/newlib-build-tmp/smallc/nios2-elf/libgloss/libnosys -L/cygdrive/d/intelfpga_lite/18.1/nios2eds/bin/gnu/src/newlib-2.2/libgloss/nios2   
configure:3361: result: gcc3
configure:3434: checking whether we are using GNU C
configure:3445: /cygdrive/d/Uni/Year-2/InfoProc/Group_Proj/group_proj/software/groupProj_bsp/newlib-build-tmp/build-newlib-stage-wrapper nios2-elf-gcc -B/cygdrive/d/Uni/Year-2/InfoProc/Group_Proj/group_proj/software/groupProj_bsp/newlib-build-tmp/smallc/nios2-elf/newlib/ -isystem /cygdrive/d/Uni/Year-2/InfoProc/Group_Proj/group_proj/software/groupProj_bsp/newlib-build-tmp/smallc/nios2-elf/newlib/targ-include -isystem /cygdrive/d/intelfpga_lite/18.1/nios2eds/bin/gnu/src/newlib-2.2/newlib/libc/include -B/cygdrive/d/Uni/Year-2/InfoProc/Group_Proj/group_proj/software/groupProj_bsp/newlib-build-tmp/smallc/nios2-elf/libgloss/nios2 -L/cygdrive/d/Uni/Year-2/InfoProc/Group_Proj/group_proj/software/groupProj_bsp/newlib-build-tmp/smallc/nios2-elf/libgloss/libnosys -L/cygdrive/d/intelfpga_lite/18.1/nios2eds/bin/gnu/src/newlib-2.2/libgloss/nios2    -E conftest.c
configure:3448: $? = 0
configure:3455: result: yes
configure:3464: checking whether /cygdrive/d/Uni/Year-2/InfoProc/Group_Proj/group_proj/software/groupProj_bsp/newlib-build-tmp/build-newlib-stage-wrapper nios2-elf-gcc -B/cygdrive/d/Uni/Year-2/InfoProc/Group_Proj/group_proj/software/groupProj_bsp/newlib-build-tmp/smallc/nios2-elf/newlib/ -isystem /cygdrive/d/Uni/Year-2/InfoProc/Group_Proj/group_proj/software/groupProj_bsp/newlib-build-tmp/smallc/nios2-elf/newlib/targ-include -isystem /cygdrive/d/intelfpga_lite/18.1/nios2eds/bin/gnu/src/newlib-2.2/newlib/libc/include -B/cygdrive/d/Uni/Year-2/InfoProc/Group_Proj/group_proj/software/groupProj_bsp/newlib-build-tmp/smallc/nios2-elf/libgloss/nios2 -L/cygdrive/d/Uni/Year-2/InfoProc/Group_Proj/group_proj/software/groupProj_bsp/newlib-build-tmp/smallc/nios2-elf/libgloss/libnosys -L/cygdrive/d/intelfpga_lite/18.1/nios2eds/bin/gnu/src/newlib-2.2/libgloss/nios2    accepts -g
configure:3484: /cygdrive/d/Uni/Year-2/InfoProc/Group_Proj/group_proj/software/groupProj_bsp/newlib-build-tmp/build-newlib-stage-wrapper nios2-elf-gcc -B/cygdrive/d/Uni/Year-2/InfoProc/Group_Proj/group_proj/software/groupProj_bsp/newlib-build-tmp/smallc/nios2-elf/newlib/ -isystem /cygdrive/d/Uni/Year-2/InfoProc/Group_Proj/group_proj/software/groupProj_bsp/newlib-build-tmp/smallc/nios2-elf/newlib/targ-include -isystem /cygdrive/d/intelfpga_lite/18.1/nios2eds/bin/gnu/src/newlib-2.2/newlib/libc/include -B/cygdrive/d/Uni/Year-2/InfoProc/Group_Proj/group_proj/software/groupProj_bsp/newlib-build-tmp/smallc/nios2-elf/libgloss/nios2 -L/cygdrive/d/Uni/Year-2/InfoProc/Group_Proj/group_proj/software/groupProj_bsp/newlib-build-tmp/smallc/nios2-elf/libgloss/libnosys -L/cygdrive/d/intelfpga_lite/18.1/nios2eds/bin/gnu/src/newlib-2.2/libgloss/nios2    -c -g  conftest.c >&5
configure:3484: $? = 0
configure: failed program was:
| /* confdefs.h */
| #define PACKAGE_NAME "newlib"
| #define PACKAGE_TARNAME "newlib"
| #define PACKAGE_VERSION "2.2.0"
| #define PACKAGE_STRING "newlib 2.2.0"
| #define PACKAGE_BUGREPORT ""
| #define PACKAGE_URL ""
| /* end confdefs.h.  */
| 
| int
| main ()
| {
| 
|   ;
|   return 0;
| }
configure:3499: /cygdrive/d/Uni/Year-2/InfoProc/Group_Proj/group_proj/software/groupProj_bsp/newlib-build-tmp/build-newlib-stage-wrapper nios2-elf-gcc -B/cygdrive/d/Uni/Year-2/InfoProc/Group_Proj/group_proj/software/groupProj_bsp/newlib-build-tmp/smallc/nios2-elf/newlib/ -isystem /cygdrive/d/Uni/Year-2/InfoProc/Group_Proj/group_proj/software/groupProj_bsp/newlib-build-tmp/smallc/nios2-elf/newlib/targ-include -isystem /cygdrive/d/intelfpga_lite/18.1/nios2eds/bin/gnu/src/newlib-2.2/newlib/libc/include -B/cygdrive/d/Uni/Year-2/InfoProc/Group_Proj/group_proj/software/groupProj_bsp/newlib-build-tmp/smallc/nios2-elf/libgloss/nios2 -L/cygdrive/d/Uni/Year-2/InfoProc/Group_Proj/group_proj/software/groupProj_bsp/newlib-build-tmp/smallc/nios2-elf/libgloss/libnosys -L/cygdrive/d/intelfpga_lite/18.1/nios2eds/bin/gnu/src/newlib-2.2/libgloss/nios2    -c   conftest.c >&5
configure:3499: $? = 0
configure: failed program was:
| /* confdefs.h */
| #define PACKAGE_NAME "newlib"
| #define PACKAGE_TARNAME "newlib"
| #define PACKAGE_VERSION "2.2.0"
| #define PACKAGE_STRING "newlib 2.2.0"
| #define PACKAGE_BUGREPORT ""
| #define PACKAGE_URL ""
| /* end confdefs.h.  */
| 
| int
| main ()
| {
| 
|   ;
|   return 0;
| }
configure:3515: /cygdrive/d/Uni/Year-2/InfoProc/Group_Proj/group_proj/software/groupProj_bsp/newlib-build-tmp/build-newlib-stage-wrapper nios2-elf-gcc -B/cygdrive/d/Uni/Year-2/InfoProc/Group_Proj/group_proj/software/groupProj_bsp/newlib-build-tmp/smallc/nios2-elf/newlib/ -isystem /cygdrive/d/Uni/Year-2/InfoProc/Group_Proj/group_proj/software/groupProj_bsp/newlib-build-tmp/smallc/nios2-elf/newlib/targ-include -isystem /cygdrive/d/intelfpga_lite/18.1/nios2eds/bin/gnu/src/newlib-2.2/newlib/libc/include -B/cygdrive/d/Uni/Year-2/InfoProc/Group_Proj/group_proj/software/groupProj_bsp/newlib-build-tmp/smallc/nios2-elf/libgloss/nios2 -L/cygdrive/d/Uni/Year-2/InfoProc/Group_Proj/group_proj/software/groupProj_bsp/newlib-build-tmp/smallc/nios2-elf/libgloss/libnosys -L/cygdrive/d/intelfpga_lite/18.1/nios2eds/bin/gnu/src/newlib-2.2/libgloss/nios2    -c -g  conftest.c >&5
configure:3515: $? = 0
configure: failed program was:
| /* confdefs.h */
| #define PACKAGE_NAME "newlib"
| #define PACKAGE_TARNAME "newlib"
| #define PACKAGE_VERSION "2.2.0"
| #define PACKAGE_STRING "newlib 2.2.0"
| #define PACKAGE_BUGREPORT ""
| #define PACKAGE_URL ""
| /* end confdefs.h.  */
| 
| int
| main ()
| {
| 
|   ;
|   return 0;
| }
configure:3525: result: no
configure:3558: checking for nios2-elf-as
configure:3585: result: /cygdrive/d/Uni/Year-2/InfoProc/Group_Proj/group_proj/software/groupProj_bsp/newlib-build-tmp/build-newlib-stage-wrapper nios2-elf-as
configure:3650: checking for nios2-elf-ar
configure:3677: result: /cygdrive/d/Uni/Year-2/InfoProc/Group_Proj/group_proj/software/groupProj_bsp/newlib-build-tmp/build-newlib-stage-wrapper nios2-elf-ar
configure:3742: checking for nios2-elf-ranlib
configure:3769: result: /cygdrive/d/Uni/Year-2/InfoProc/Group_Proj/group_proj/software/groupProj_bsp/newlib-build-tmp/build-newlib-stage-wrapper nios2-elf-ranlib
configure:3834: checking for nios2-elf-readelf
configure:3861: result: nios2-elf-readelf
configure:3930: checking whether to enable maintainer-specific portions of Makefiles
configure:3939: result: no
configure:4049: checking for a sed that does not truncate output
configure:4113: result: /bin/sed
configure:4135: checking how to print strings
configure:4162: result: printf
configure:4187: checking for gawk
configure:4214: result: gawk
configure:12528: checking for .preinit_array/.init_array/.fini_array support
configure:12557: result: no
configure:12568: checking if /cygdrive/d/Uni/Year-2/InfoProc/Group_Proj/group_proj/software/groupProj_bsp/newlib-build-tmp/build-newlib-stage-wrapper nios2-elf-gcc -B/cygdrive/d/Uni/Year-2/InfoProc/Group_Proj/group_proj/software/groupProj_bsp/newlib-build-tmp/smallc/nios2-elf/newlib/ -isystem /cygdrive/d/Uni/Year-2/InfoProc/Group_Proj/group_proj/software/groupProj_bsp/newlib-build-tmp/smallc/nios2-elf/newlib/targ-include -isystem /cygdrive/d/intelfpga_lite/18.1/nios2eds/bin/gnu/src/newlib-2.2/newlib/libc/include -B/cygdrive/d/Uni/Year-2/InfoProc/Group_Proj/group_proj/software/groupProj_bsp/newlib-build-tmp/smallc/nios2-elf/libgloss/nios2 -L/cygdrive/d/Uni/Year-2/InfoProc/Group_Proj/group_proj/software/groupProj_bsp/newlib-build-tmp/smallc/nios2-elf/libgloss/libnosys -L/cygdrive/d/intelfpga_lite/18.1/nios2eds/bin/gnu/src/newlib-2.2/libgloss/nios2    accepts -fno-tree-loop-distribute-patterns with __attribute__ ((__optimize__))
configure:12582: /cygdrive/d/Uni/Year-2/InfoProc/Group_Proj/group_proj/software/groupProj_bsp/newlib-build-tmp/build-newlib-stage-wrapper nios2-elf-gcc -B/cygdrive/d/Uni/Year-2/InfoProc/Group_Proj/group_proj/software/groupProj_bsp/newlib-build-tmp/smallc/nios2-elf/newlib/ -isystem /cygdrive/d/Uni/Year-2/InfoProc/Group_Proj/group_proj/software/groupProj_bsp/newlib-build-tmp/smallc/nios2-elf/newlib/targ-include -isystem /cygdrive/d/intelfpga_lite/18.1/nios2eds/bin/gnu/src/newlib-2.2/newlib/libc/include -B/cygdrive/d/Uni/Year-2/InfoProc/Group_Proj/group_proj/software/groupProj_bsp/newlib-build-tmp/smallc/nios2-elf/libgloss/nios2 -L/cygdrive/d/Uni/Year-2/InfoProc/Group_Proj/group_proj/software/groupProj_bsp/newlib-build-tmp/smallc/nios2-elf/libgloss/libnosys -L/cygdrive/d/intelfpga_lite/18.1/nios2eds/bin/gnu/src/newlib-2.2/libgloss/nios2    -g -Os -ffunction-sections -fdata-sections -mno-gpopt  -c
			    -fno-tree-loop-distribute-patterns conftest.c
configure:12585: $? = 0
configure:12592: result: yes
configure:12600: checking whether long double type exists
configure:12620: /cygdrive/d/Uni/Year-2/InfoProc/Group_Proj/group_proj/software/groupProj_bsp/newlib-build-tmp/build-newlib-stage-wrapper nios2-elf-gcc -B/cygdrive/d/Uni/Year-2/InfoProc/Group_Proj/group_proj/software/groupProj_bsp/newlib-build-tmp/smallc/nios2-elf/newlib/ -isystem /cygdrive/d/Uni/Year-2/InfoProc/Group_Proj/group_proj/software/groupProj_bsp/newlib-build-tmp/smallc/nios2-elf/newlib/targ-include -isystem /cygdrive/d/intelfpga_lite/18.1/nios2eds/bin/gnu/src/newlib-2.2/newlib/libc/include -B/cygdrive/d/Uni/Year-2/InfoProc/Group_Proj/group_proj/software/groupProj_bsp/newlib-build-tmp/smallc/nios2-elf/libgloss/nios2 -L/cygdrive/d/Uni/Year-2/InfoProc/Group_Proj/group_proj/software/groupProj_bsp/newlib-build-tmp/smallc/nios2-elf/libgloss/libnosys -L/cygdrive/d/intelfpga_lite/18.1/nios2eds/bin/gnu/src/newlib-2.2/libgloss/nios2    -g -Os -ffunction-sections -fdata-sections -mno-gpopt  -c -o conftest.o conftest.c
							1>&5
configure:12623: $? = 0
configure:12632: result: yes
configure:12649: checking whether long double equals double
configure:12665: /cygdrive/d/Uni/Year-2/InfoProc/Group_Proj/group_proj/software/groupProj_bsp/newlib-build-tmp/build-newlib-stage-wrapper nios2-elf-gcc -B/cygdrive/d/Uni/Year-2/InfoProc/Group_Proj/group_proj/software/groupProj_bsp/newlib-build-tmp/smallc/nios2-elf/newlib/ -isystem /cygdrive/d/Uni/Year-2/InfoProc/Group_Proj/group_proj/software/groupProj_bsp/newlib-build-tmp/smallc/nios2-elf/newlib/targ-include -isystem /cygdrive/d/intelfpga_lite/18.1/nios2eds/bin/gnu/src/newlib-2.2/newlib/libc/include -B/cygdrive/d/Uni/Year-2/InfoProc/Group_Proj/group_proj/software/groupProj_bsp/newlib-build-tmp/smallc/nios2-elf/libgloss/nios2 -L/cygdrive/d/Uni/Year-2/InfoProc/Group_Proj/group_proj/software/groupProj_bsp/newlib-build-tmp/smallc/nios2-elf/libgloss/libnosys -L/cygdrive/d/intelfpga_lite/18.1/nios2eds/bin/gnu/src/newlib-2.2/libgloss/nios2    -g -Os -ffunction-sections -fdata-sections -mno-gpopt  -c -o conftest.o conftest.c
							1>&5
configure:12668: $? = 0
configure:12677: result: yes
configure:12687: checking whether uintptr_t equals unsigned long long
configure:12699: /cygdrive/d/Uni/Year-2/InfoProc/Group_Proj/group_proj/software/groupProj_bsp/newlib-build-tmp/build-newlib-stage-wrapper nios2-elf-gcc -B/cygdrive/d/Uni/Year-2/InfoProc/Group_Proj/group_proj/software/groupProj_bsp/newlib-build-tmp/smallc/nios2-elf/newlib/ -isystem /cygdrive/d/Uni/Year-2/InfoProc/Group_Proj/group_proj/software/groupProj_bsp/newlib-build-tmp/smallc/nios2-elf/newlib/targ-include -isystem /cygdrive/d/intelfpga_lite/18.1/nios2eds/bin/gnu/src/newlib-2.2/newlib/libc/include -B/cygdrive/d/Uni/Year-2/InfoProc/Group_Proj/group_proj/software/groupProj_bsp/newlib-build-tmp/smallc/nios2-elf/libgloss/nios2 -L/cygdrive/d/Uni/Year-2/InfoProc/Group_Proj/group_proj/software/groupProj_bsp/newlib-build-tmp/smallc/nios2-elf/libgloss/libnosys -L/cygdrive/d/intelfpga_lite/18.1/nios2eds/bin/gnu/src/newlib-2.2/libgloss/nios2    -g -Os -ffunction-sections -fdata-sections -mno-gpopt  -c -o conftest.o conftest.c
							1>&5
conftest.c:3:12: error: conflicting types for 'foo'
 extern int foo(unsigned long long);
            ^
conftest.c:2:12: note: previous declaration of 'foo' was here
 extern int foo(uintptr_t);
            ^
configure:12702: $? = 1
configure:12711: result: no
configure:12720: checking whether uintptr_t equals unsigned long
configure:12732: /cygdrive/d/Uni/Year-2/InfoProc/Group_Proj/group_proj/software/groupProj_bsp/newlib-build-tmp/build-newlib-stage-wrapper nios2-elf-gcc -B/cygdrive/d/Uni/Year-2/InfoProc/Group_Proj/group_proj/software/groupProj_bsp/newlib-build-tmp/smallc/nios2-elf/newlib/ -isystem /cygdrive/d/Uni/Year-2/InfoProc/Group_Proj/group_proj/software/groupProj_bsp/newlib-build-tmp/smallc/nios2-elf/newlib/targ-include -isystem /cygdrive/d/intelfpga_lite/18.1/nios2eds/bin/gnu/src/newlib-2.2/newlib/libc/include -B/cygdrive/d/Uni/Year-2/InfoProc/Group_Proj/group_proj/software/groupProj_bsp/newlib-build-tmp/smallc/nios2-elf/libgloss/nios2 -L/cygdrive/d/Uni/Year-2/InfoProc/Group_Proj/group_proj/software/groupProj_bsp/newlib-build-tmp/smallc/nios2-elf/libgloss/libnosys -L/cygdrive/d/intelfpga_lite/18.1/nios2eds/bin/gnu/src/newlib-2.2/libgloss/nios2    -g -Os -ffunction-sections -fdata-sections -mno-gpopt  -c -o conftest.o conftest.c
							1>&5
conftest.c:3:12: error: conflicting types for 'foo'
 extern int foo(unsigned long);
            ^
conftest.c:2:12: note: previous declaration of 'foo' was here
 extern int foo(uintptr_t);
            ^
configure:12735: $? = 1
configure:12744: result: no
configure:12824: updating cache ./config.cache
configure:12937: creating ./config.status

## ---------------------- ##
## Running config.status. ##
## ---------------------- ##

This file was extended by newlib config.status 2.2.0, which was
generated by GNU Autoconf 2.68.  Invocation command line was

  CONFIG_FILES    = 
  CONFIG_HEADERS  = 
  CONFIG_LINKS    = 
  CONFIG_COMMANDS = 
  $ ./config.status 

on Dell-G15

config.status:1154: creating Makefile
config.status:1154: creating newlib.h
config.status:1368: executing depfiles commands
configure:15256: === configuring in libc (/cygdrive/d/Uni/Year-2/InfoProc/Group_Proj/group_proj/software/groupProj_bsp/newlib-build-tmp/smallc/nios2-elf/newlib/libc)
configure:15319: running /bin/sh /cygdrive/d/intelfpga_lite/18.1/nios2eds/bin/gnu/src/newlib-2.2/newlib/libc/configure --disable-option-checking '--prefix=/cygdrive/d/Uni/Year-2/InfoProc/Group_Proj/group_proj/software/groupProj_bsp/newlib'  '--with-newlib' '--with-cross-host=x86_64-unknown-cygwin' '--enable-multilib' '--enable-newlib-nano-malloc' '--program-transform-name=s&^&nios2-elf-&' '--with-target-subdir=nios2-elf' '--build=x86_64-unknown-cygwin' '--host=nios2-elf' '--target=nios2-elf' 'build_alias=x86_64-unknown-cygwin' 'host_alias=nios2-elf' 'target_alias=nios2-elf' 'CC=/cygdrive/d/Uni/Year-2/InfoProc/Group_Proj/group_proj/software/groupProj_bsp/newlib-build-tmp/build-newlib-stage-wrapper nios2-elf-gcc -B/cygdrive/d/Uni/Year-2/InfoProc/Group_Proj/group_proj/software/groupProj_bsp/newlib-build-tmp/smallc/nios2-elf/newlib/ -isystem /cygdrive/d/Uni/Year-2/InfoProc/Group_Proj/group_proj/software/groupProj_bsp/newlib-build-tmp/smallc/nios2-elf/newlib/targ-include -isystem /cygdrive/d/intelfpga_lite/18.1/nios2eds/bin/gnu/src/newlib-2.2/newlib/libc/include -B/cygdrive/d/Uni/Year-2/InfoProc/Group_Proj/group_proj/software/groupProj_bsp/newlib-build-tmp/smallc/nios2-elf/libgloss/nios2 -L/cygdrive/d/Uni/Year-2/InfoProc/Group_Proj/group_proj/software/groupProj_bsp/newlib-build-tmp/smallc/nios2-elf/libgloss/libnosys -L/cygdrive/d/intelfpga_lite/18.1/nios2eds/bin/gnu/src/newlib-2.2/libgloss/nios2   ' 'CFLAGS=-g -Os -ffunction-sections -fdata-sections -mno-gpopt' 'LDFLAGS=' 'CPPFLAGS=' --cache-file=.././config.cache --srcdir=/cygdrive/d/intelfpga_lite/18.1/nios2eds/bin/gnu/src/newlib-2.2/newlib/libc
configure:15256: === configuring in libm (/cygdrive/d/Uni/Year-2/InfoProc/Group_Proj/group_proj/software/groupProj_bsp/newlib-build-tmp/smallc/nios2-elf/newlib/libm)
configure:15319: running /bin/sh /cygdrive/d/intelfpga_lite/18.1/nios2eds/bin/gnu/src/newlib-2.2/newlib/libm/configure --disable-option-checking '--prefix=/cygdrive/d/Uni/Year-2/InfoProc/Group_Proj/group_proj/software/groupProj_bsp/newlib'  '--with-newlib' '--with-cross-host=x86_64-unknown-cygwin' '--enable-multilib' '--enable-newlib-nano-malloc' '--program-transform-name=s&^&nios2-elf-&' '--with-target-subdir=nios2-elf' '--build=x86_64-unknown-cygwin' '--host=nios2-elf' '--target=nios2-elf' 'build_alias=x86_64-unknown-cygwin' 'host_alias=nios2-elf' 'target_alias=nios2-elf' 'CC=/cygdrive/d/Uni/Year-2/InfoProc/Group_Proj/group_proj/software/groupProj_bsp/newlib-build-tmp/build-newlib-stage-wrapper nios2-elf-gcc -B/cygdrive/d/Uni/Year-2/InfoProc/Group_Proj/group_proj/software/groupProj_bsp/newlib-build-tmp/smallc/nios2-elf/newlib/ -isystem /cygdrive/d/Uni/Year-2/InfoProc/Group_Proj/group_proj/software/groupProj_bsp/newlib-build-tmp/smallc/nios2-elf/newlib/targ-include -isystem /cygdrive/d/intelfpga_lite/18.1/nios2eds/bin/gnu/src/newlib-2.2/newlib/libc/include -B/cygdrive/d/Uni/Year-2/InfoProc/Group_Proj/group_proj/software/groupProj_bsp/newlib-build-tmp/smallc/nios2-elf/libgloss/nios2 -L/cygdrive/d/Uni/Year-2/InfoProc/Group_Proj/group_proj/software/groupProj_bsp/newlib-build-tmp/smallc/nios2-elf/libgloss/libnosys -L/cygdrive/d/intelfpga_lite/18.1/nios2eds/bin/gnu/src/newlib-2.2/libgloss/nios2   ' 'CFLAGS=-g -Os -ffunction-sections -fdata-sections -mno-gpopt' 'LDFLAGS=' 'CPPFLAGS=' --cache-file=.././config.cache --srcdir=/cygdrive/d/intelfpga_lite/18.1/nios2eds/bin/gnu/src/newlib-2.2/newlib/libm
configure:15256: === configuring in doc (/cygdrive/d/Uni/Year-2/InfoProc/Group_Proj/group_proj/software/groupProj_bsp/newlib-build-tmp/smallc/nios2-elf/newlib/doc)
configure:15319: running /bin/sh /cygdrive/d/intelfpga_lite/18.1/nios2eds/bin/gnu/src/newlib-2.2/newlib/doc/configure --disable-option-checking '--prefix=/cygdrive/d/Uni/Year-2/InfoProc/Group_Proj/group_proj/software/groupProj_bsp/newlib'  '--with-newlib' '--with-cross-host=x86_64-unknown-cygwin' '--enable-multilib' '--enable-newlib-nano-malloc' '--program-transform-name=s&^&nios2-elf-&' '--with-target-subdir=nios2-elf' '--build=x86_64-unknown-cygwin' '--host=nios2-elf' '--target=nios2-elf' 'build_alias=x86_64-unknown-cygwin' 'host_alias=nios2-elf' 'target_alias=nios2-elf' 'CC=/cygdrive/d/Uni/Year-2/InfoProc/Group_Proj/group_proj/software/groupProj_bsp/newlib-build-tmp/build-newlib-stage-wrapper nios2-elf-gcc -B/cygdrive/d/Uni/Year-2/InfoProc/Group_Proj/group_proj/software/groupProj_bsp/newlib-build-tmp/smallc/nios2-elf/newlib/ -isystem /cygdrive/d/Uni/Year-2/InfoProc/Group_Proj/group_proj/software/groupProj_bsp/newlib-build-tmp/smallc/nios2-elf/newlib/targ-include -isystem /cygdrive/d/intelfpga_lite/18.1/nios2eds/bin/gnu/src/newlib-2.2/newlib/libc/include -B/cygdrive/d/Uni/Year-2/InfoProc/Group_Proj/group_proj/software/groupProj_bsp/newlib-build-tmp/smallc/nios2-elf/libgloss/nios2 -L/cygdrive/d/Uni/Year-2/InfoProc/Group_Proj/group_proj/software/groupProj_bsp/newlib-build-tmp/smallc/nios2-elf/libgloss/libnosys -L/cygdrive/d/intelfpga_lite/18.1/nios2eds/bin/gnu/src/newlib-2.2/libgloss/nios2   ' 'CFLAGS=-g -Os -ffunction-sections -fdata-sections -mno-gpopt' 'LDFLAGS=' 'CPPFLAGS=' --cache-file=.././config.cache --srcdir=/cygdrive/d/intelfpga_lite/18.1/nios2eds/bin/gnu/src/newlib-2.2/newlib/doc

## ---------------- ##
## Cache variables. ##
## ---------------- ##

ac_cv_build=x86_64-unknown-cygwin
ac_cv_c_compiler_gnu=yes
ac_cv_env_CCASFLAGS_set=
ac_cv_env_CCASFLAGS_value=
ac_cv_env_CCAS_set=
ac_cv_env_CCAS_value=
ac_cv_env_CC_set=set
ac_cv_env_CC_value='/cygdrive/d/Uni/Year-2/InfoProc/Group_Proj/group_proj/software/groupProj_bsp/newlib-build-tmp/build-newlib-stage-wrapper nios2-elf-gcc -B/cygdrive/d/Uni/Year-2/InfoProc/Group_Proj/group_proj/software/groupProj_bsp/newlib-build-tmp/smallc/nios2-elf/newlib/ -isystem /cygdrive/d/Uni/Year-2/InfoProc/Group_Proj/group_proj/software/groupProj_bsp/newlib-build-tmp/smallc/nios2-elf/newlib/targ-include -isystem /cygdrive/d/intelfpga_lite/18.1/nios2eds/bin/gnu/src/newlib-2.2/newlib/libc/include -B/cygdrive/d/Uni/Year-2/InfoProc/Group_Proj/group_proj/software/groupProj_bsp/newlib-build-tmp/smallc/nios2-elf/libgloss/nios2 -L/cygdrive/d/Uni/Year-2/InfoProc/Group_Proj/group_proj/software/groupProj_bsp/newlib-build-tmp/smallc/nios2-elf/libgloss/libnosys -L/cygdrive/d/intelfpga_lite/18.1/nios2eds/bin/gnu/src/newlib-2.2/libgloss/nios2   '
ac_cv_env_CFLAGS_set=set
ac_cv_env_CFLAGS_value='-g -Os -ffunction-sections -fdata-sections -mno-gpopt'
ac_cv_env_CPPFLAGS_set=set
ac_cv_env_CPPFLAGS_value=
ac_cv_env_CPP_set=
ac_cv_env_CPP_value=
ac_cv_env_LDFLAGS_set=set
ac_cv_env_LDFLAGS_value=
ac_cv_env_LIBS_set=
ac_cv_env_LIBS_value=
ac_cv_env_build_alias_set=set
ac_cv_env_build_alias_value=x86_64-unknown-cygwin
ac_cv_env_host_alias_set=set
ac_cv_env_host_alias_value=nios2-elf
ac_cv_env_target_alias_set=set
ac_cv_env_target_alias_value=nios2-elf
ac_cv_host=nios2-unknown-elf
ac_cv_path_SED=/bin/sed
ac_cv_path_install='/bin/install -c'
ac_cv_path_mkdir=/bin/mkdir
ac_cv_prog_AR='/cygdrive/d/Uni/Year-2/InfoProc/Group_Proj/group_proj/software/groupProj_bsp/newlib-build-tmp/build-newlib-stage-wrapper nios2-elf-ar'
ac_cv_prog_AS='/cygdrive/d/Uni/Year-2/InfoProc/Group_Proj/group_proj/software/groupProj_bsp/newlib-build-tmp/build-newlib-stage-wrapper nios2-elf-as'
ac_cv_prog_AWK=gawk
ac_cv_prog_CC='/cygdrive/d/Uni/Year-2/InfoProc/Group_Proj/group_proj/software/groupProj_bsp/newlib-build-tmp/build-newlib-stage-wrapper nios2-elf-gcc -B/cygdrive/d/Uni/Year-2/InfoProc/Group_Proj/group_proj/software/groupProj_bsp/newlib-build-tmp/smallc/nios2-elf/newlib/ -isystem /cygdrive/d/Uni/Year-2/InfoProc/Group_Proj/group_proj/software/groupProj_bsp/newlib-build-tmp/smallc/nios2-elf/newlib/targ-include -isystem /cygdrive/d/intelfpga_lite/18.1/nios2eds/bin/gnu/src/newlib-2.2/newlib/libc/include -B/cygdrive/d/Uni/Year-2/InfoProc/Group_Proj/group_proj/software/groupProj_bsp/newlib-build-tmp/smallc/nios2-elf/libgloss/nios2 -L/cygdrive/d/Uni/Year-2/InfoProc/Group_Proj/group_proj/software/groupProj_bsp/newlib-build-tmp/smallc/nios2-elf/libgloss/libnosys -L/cygdrive/d/intelfpga_lite/18.1/nios2eds/bin/gnu/src/newlib-2.2/libgloss/nios2   '
ac_cv_prog_RANLIB='/cygdrive/d/Uni/Year-2/InfoProc/Group_Proj/group_proj/software/groupProj_bsp/newlib-build-tmp/build-newlib-stage-wrapper nios2-elf-ranlib'
ac_cv_prog_READELF=nios2-elf-readelf
ac_cv_prog_STRIP=nios2-elf-strip
ac_cv_prog_cc_g=no
ac_cv_prog_make_make_set=yes
acnewlib_cv_type_long_double=yes
am_cv_CC_dependencies_compiler_type=gcc3
libc_cv_cc_loop_to_function=yes
libc_cv_initfinit_array=no
newlib_cv_ldbl_eq_dbl=yes
newlib_cv_uintptr_eq_ulong=no
newlib_cv_uintptr_eq_ulonglong=no

## ----------------- ##
## Output variables. ##
## ----------------- ##

ACLOCAL='${SHELL} /cygdrive/d/intelfpga_lite/18.1/nios2eds/bin/gnu/src/newlib-2.2/missing --run aclocal-1.11'
AEABI_OBJECTLIST=''
AMDEPBACKSLASH='\'
AMDEP_FALSE='#'
AMDEP_TRUE=''
AMTAR='$${TAR-tar}'
AR='/cygdrive/d/Uni/Year-2/InfoProc/Group_Proj/group_proj/software/groupProj_bsp/newlib-build-tmp/build-newlib-stage-wrapper nios2-elf-ar'
AS='/cygdrive/d/Uni/Year-2/InfoProc/Group_Proj/group_proj/software/groupProj_bsp/newlib-build-tmp/build-newlib-stage-wrapper nios2-elf-as'
AUTOCONF='${SHELL} /cygdrive/d/intelfpga_lite/18.1/nios2eds/bin/gnu/src/newlib-2.2/missing --run autoconf'
AUTOHEADER='${SHELL} /cygdrive/d/intelfpga_lite/18.1/nios2eds/bin/gnu/src/newlib-2.2/missing --run autoheader'
AUTOMAKE='${SHELL} /cygdrive/d/intelfpga_lite/18.1/nios2eds/bin/gnu/src/newlib-2.2/missing --run automake-1.11'
AWK='gawk'
CC='/cygdrive/d/Uni/Year-2/InfoProc/Group_Proj/group_proj/software/groupProj_bsp/newlib-build-tmp/build-newlib-stage-wrapper nios2-elf-gcc -B/cygdrive/d/Uni/Year-2/InfoProc/Group_Proj/group_proj/software/groupProj_bsp/newlib-build-tmp/smallc/nios2-elf/newlib/ -isystem /cygdrive/d/Uni/Year-2/InfoProc/Group_Proj/group_proj/software/groupProj_bsp/newlib-build-tmp/smallc/nios2-elf/newlib/targ-include -isystem /cygdrive/d/intelfpga_lite/18.1/nios2eds/bin/gnu/src/newlib-2.2/newlib/libc/include -B/cygdrive/d/Uni/Year-2/InfoProc/Group_Proj/group_proj/software/groupProj_bsp/newlib-build-tmp/smallc/nios2-elf/libgloss/nios2 -L/cygdrive/d/Uni/Year-2/InfoProc/Group_Proj/group_proj/software/groupProj_bsp/newlib-build-tmp/smallc/nios2-elf/libgloss/libnosys -L/cygdrive/d/intelfpga_lite/18.1/nios2eds/bin/gnu/src/newlib-2.2/libgloss/nios2   '
CCAS='/cygdrive/d/Uni/Year-2/InfoProc/Group_Proj/group_proj/software/groupProj_bsp/newlib-build-tmp/build-newlib-stage-wrapper nios2-elf-gcc -B/cygdrive/d/Uni/Year-2/InfoProc/Group_Proj/group_proj/software/groupProj_bsp/newlib-build-tmp/smallc/nios2-elf/newlib/ -isystem /cygdrive/d/Uni/Year-2/InfoProc/Group_Proj/group_proj/software/groupProj_bsp/newlib-build-tmp/smallc/nios2-elf/newlib/targ-include -isystem /cygdrive/d/intelfpga_lite/18.1/nios2eds/bin/gnu/src/newlib-2.2/newlib/libc/include -B/cygdrive/d/Uni/Year-2/InfoProc/Group_Proj/group_proj/software/groupProj_bsp/newlib-build-tmp/smallc/nios2-elf/libgloss/nios2 -L/cygdrive/d/Uni/Year-2/InfoProc/Group_Proj/group_proj/software/groupProj_bsp/newlib-build-tmp/smallc/nios2-elf/libgloss/libnosys -L/cygdrive/d/intelfpga_lite/18.1/nios2eds/bin/gnu/src/newlib-2.2/libgloss/nios2   '
CCASFLAGS='-g -Os -ffunction-sections -fdata-sections -mno-gpopt'
CCDEPMODE='depmode=gcc3'
CC_FOR_BUILD='gcc'
CC_FOR_NEWLIB='/cygdrive/d/Uni/Year-2/InfoProc/Group_Proj/group_proj/software/groupProj_bsp/newlib-build-tmp/build-newlib-stage-wrapper nios2-elf-gcc -B/cygdrive/d/Uni/Year-2/InfoProc/Group_Proj/group_proj/software/groupProj_bsp/newlib-build-tmp/smallc/nios2-elf/newlib/ -isystem /cygdrive/d/Uni/Year-2/InfoProc/Group_Proj/group_proj/software/groupProj_bsp/newlib-build-tmp/smallc/nios2-elf/newlib/targ-include -isystem /cygdrive/d/intelfpga_lite/18.1/nios2eds/bin/gnu/src/newlib-2.2/newlib/libc/include -B/cygdrive/d/Uni/Year-2/InfoProc/Group_Proj/group_proj/software/groupProj_bsp/newlib-build-tmp/smallc/nios2-elf/libgloss/nios2 -L/cygdrive/d/Uni/Year-2/InfoProc/Group_Proj/group_proj/software/groupProj_bsp/newlib-build-tmp/smallc/nios2-elf/libgloss/libnosys -L/cygdrive/d/intelfpga_lite/18.1/nios2eds/bin/gnu/src/newlib-2.2/libgloss/nios2   '
CFLAGS='-g -Os -ffunction-sections -fdata-sections -mno-gpopt'
CPP=''
CPPFLAGS=''
CRT0=''
CRT0_DIR=''
CRT1=''
CRT1_DIR=''
CYGPATH_W='cygpath -w'
DEFS='-DHAVE_CONFIG_H'
DEPDIR='.deps'
DLLTOOL='nios2-elf-dlltool'
DSYMUTIL=''
DUMPBIN=''
ECHO_C=''
ECHO_N='-n'
ECHO_T=''
EGREP=''
ELIX_LEVEL_0_FALSE='#'
ELIX_LEVEL_0_TRUE=''
ELIX_LEVEL_1_FALSE=''
ELIX_LEVEL_1_TRUE='#'
ELIX_LEVEL_2_FALSE=''
ELIX_LEVEL_2_TRUE='#'
ELIX_LEVEL_3_FALSE=''
ELIX_LEVEL_3_TRUE='#'
ELIX_LEVEL_4_FALSE=''
ELIX_LEVEL_4_TRUE='#'
EXEEXT=''
EXTRA_DIRS=''
FGREP=''
GREP=''
HAVE_DOC_FALSE='#'
HAVE_DOC_TRUE=''
HAVE_LONG_DOUBLE_FALSE='#'
HAVE_LONG_DOUBLE_TRUE=''
INSTALL_DATA='${INSTALL} -m 644'
INSTALL_PROGRAM='${INSTALL}'
INSTALL_SCRIPT='${INSTALL}'
INSTALL_STRIP_PROGRAM='$(install_sh) -c -s'
LD='nios2-elf-ld'
LDFLAGS=''
LIBM_MACHINE_OBJECTLIST=''
LIBOBJS=''
LIBS=''
LIBTOOL=''
LIPO='nios2-elf-lipo'
LN_S=''
LTLIBOBJS=''
MACHINE_OBJECTLIST='libc/machine/nios2/objectlist.awk.in'
MAINT='#'
MAINTAINER_MODE_FALSE=''
MAINTAINER_MODE_TRUE='#'
MAKEINFO='makeinfo'
MAY_SUPPLY_SYSCALLS_FALSE='#'
MAY_SUPPLY_SYSCALLS_TRUE=''
MKDIR_P='/bin/mkdir -p'
NEWLIB_CFLAGS=' -O2 -DHAVE_GETTIMEOFDAY -DWANT_SMALL_STDIO -DHAVE_RENAME -DWANT_PRINTF_LONG_LONG -D_REENT_SMALL -DPREFER_SIZE_OVER_SPEED -DNO_FLOATING_POINT -DSMALL_MEMORY  -DMALLOC_LOCK_PROVIDED -DMALLOC_LOCK=__malloc_lock -DMALLOC_UNLOCK=__malloc_unlock -DENV_LOCK_PROVIDED -DENV_LOCK=__env_lock -DENV_UNLOCK=__env_unlock -DHAVE_RENAME -DMISSING_SYSCALL_NAMES -fno-builtin'
NEWLIB_HW_FP_FALSE=''
NEWLIB_HW_FP_TRUE='#'
NM='nios2-elf-nm'
NMEDIT=''
NO_INCLUDE_LIST=' rpc/types.h rpc/xdr.h'
OBJDUMP='nios2-elf-objdump'
OBJEXT='o'
OTOOL64=''
OTOOL=''
PACKAGE='newlib'
PACKAGE_BUGREPORT=''
PACKAGE_NAME='newlib'
PACKAGE_STRING='newlib 2.2.0'
PACKAGE_TARNAME='newlib'
PACKAGE_URL=''
PACKAGE_VERSION='2.2.0'
PATH_SEPARATOR=':'
POSIX_OBJECTLIST=''
RANLIB='/cygdrive/d/Uni/Year-2/InfoProc/Group_Proj/group_proj/software/groupProj_bsp/newlib-build-tmp/build-newlib-stage-wrapper nios2-elf-ranlib'
READELF='nios2-elf-readelf'
SED='/bin/sed'
SET_MAKE=''
SHELL='/bin/sh'
SIGNAL_OBJECTLIST='libc/signal/objectlist.awk.in'
STDIO64_OBJECTLIST=''
STRIP='nios2-elf-strip'
SYSCALL_OBJECTLIST=''
SYS_MACH_OBJECTLIST=''
SYS_OBJECTLIST=''
UNIX_OBJECTLIST=''
USE_LIBTOOL_FALSE=''
USE_LIBTOOL_TRUE='#'
VERSION='2.2.0'
ac_ct_CC=''
ac_ct_DUMPBIN=''
aext='a'
am__EXEEXT_FALSE=''
am__EXEEXT_TRUE='#'
am__fastdepCC_FALSE='#'
am__fastdepCC_TRUE=''
am__include='include'
am__isrc=' -I$(srcdir)'
am__leading_dot='.'
am__nodep='_no'
am__quote=''
am__tar='$${TAR-tar} chof - "$$tardir"'
am__untar='$${TAR-tar} xf -'
bindir='${exec_prefix}/bin'
build='x86_64-unknown-cygwin'
build_alias='x86_64-unknown-cygwin'
build_cpu='x86_64'
build_os='cygwin'
build_vendor='unknown'
datadir='${datarootdir}'
datarootdir='${prefix}/share'
docdir='${datarootdir}/doc/${PACKAGE_TARNAME}'
dvidir='${docdir}'
exec_prefix='${prefix}'
host='nios2-unknown-elf'
host_alias='nios2-elf'
host_cpu='nios2'
host_os='elf'
host_vendor='unknown'
htmldir='${docdir}'
includedir='${prefix}/include'
infodir='${datarootdir}/info'
install_sh='${SHELL} /cygdrive/d/intelfpga_lite/18.1/nios2eds/bin/gnu/src/newlib-2.2/install-sh'
libc_cv_cc_loop_to_function='yes'
libc_cv_initfinit_array='no'
libdir='${exec_prefix}/lib'
libexecdir='${exec_prefix}/libexec'
libm_machine_dir=''
localedir='${datarootdir}/locale'
localstatedir='${prefix}/var'
lpfx='lib_a-'
machine_dir='nios2'
mandir='${datarootdir}/man'
mkdir_p='/bin/mkdir -p'
newlib_basedir='/cygdrive/d/intelfpga_lite/18.1/nios2eds/bin/gnu/src/newlib-2.2/newlib/.'
oext='o'
oldincludedir='/usr/include'
pdfdir='${docdir}'
prefix='/cygdrive/d/Uni/Year-2/InfoProc/Group_Proj/group_proj/software/groupProj_bsp/newlib'
program_transform_name='s&^&nios2-elf-&'
psdir='${docdir}'
sbindir='${exec_prefix}/sbin'
sharedstatedir='${prefix}/com'
subdirs=' libc libm doc'
sys_dir=''
sysconfdir='${prefix}/etc'
target_alias='nios2-elf'

## ----------- ##
## confdefs.h. ##
## ----------- ##

/* confdefs.h */
#define PACKAGE_NAME "newlib"
#define PACKAGE_TARNAME "newlib"
#define PACKAGE_VERSION "2.2.0"
#define PACKAGE_STRING "newlib 2.2.0"
#define PACKAGE_BUGREPORT ""
#define PACKAGE_URL ""
#define _MB_LEN_MAX 1
#define _NEWLIB_VERSION "2.2.0"
#define _ATEXIT_DYNAMIC_ALLOC 1
#define _FVWRITE_IN_STREAMIO 1
#define _FSEEK_OPTIMIZATION 1
#define _WIDE_ORIENT 1
#define _NANO_MALLOC 1
#define _UNBUF_STREAM_OPT 1
#define _HAVE_CC_INHIBIT_LOOP_TO_LIBCALL 1
#define _HAVE_LONG_DOUBLE 1
#define _LDBL_EQ_DBL 1

configure: exit 0
