This file contains any messages produced by compilers while
running configure, to aid debugging if configure makes a mistake.

It was created by configure, which was
generated by GNU Autoconf 2.63.  Invocation command line was

  $ /cygdrive/d/intelfpga_lite/18.1/nios2eds/bin/gnu/src/newlib-2.2/libgloss/nios2/configure --disable-option-checking --prefix=/cygdrive/d/Uni/Year-2/InfoProc/Group_Proj/group_proj/software/groupProj_bsp/newlib --with-newlib --with-cross-host=x86_64-unknown-cygwin --enable-multilib --enable-newlib-nano-malloc --program-transform-name=s&^&nios2-elf-& --with-target-subdir=nios2-elf --build=x86_64-unknown-cygwin --host=nios2-elf --target=nios2-elf build_alias=x86_64-unknown-cygwin host_alias=nios2-elf target_alias=nios2-elf --cache-file=.././config.cache --srcdir=/cygdrive/d/intelfpga_lite/18.1/nios2eds/bin/gnu/src/newlib-2.2/libgloss/nios2

## --------- ##
## Platform. ##
## --------- ##

hostname = Dell-G15
uname -m = x86_64
uname -r = 1.7.32(0.274/5/3)
uname -s = CYGWIN_NT-10.0
uname -v = 2014-08-13 23:06

/usr/bin/uname -p = unknown
/bin/uname -X     = unknown

/bin/arch              = x86_64
/usr/bin/arch -k       = unknown
/usr/convex/getsysinfo = unknown
/usr/bin/hostinfo      = unknown
/bin/machine           = unknown
/usr/bin/oslevel       = unknown
/bin/universe          = unknown

PATH: /bin
PATH: /cygdrive/d/intelFPGA_lite/18.1/nios2eds/bin/gnu/H-x86_64-mingw32/bin


## ----------- ##
## Core tests. ##
## ----------- ##

configure:1663: loading cache .././config.cache
configure:1813: checking build system type
configure:1831: result: x86_64-unknown-cygwin
configure:1853: checking host system type
configure:1868: result: nios2-unknown-elf
configure:1890: checking target system type
configure:1905: result: nios2-unknown-elf
configure:1958: checking for a BSD-compatible install
configure:2026: result: /bin/install -c
configure:2108: checking for .previous assembler directive
configure:2119: /cygdrive/d/Uni/Year-2/InfoProc/Group_Proj/group_proj/software/groupProj_bsp/newlib-build-tmp/build-newlib-stage-wrapper nios2-elf-gcc -B/cygdrive/d/Uni/Year-2/InfoProc/Group_Proj/group_proj/software/groupProj_bsp/newlib-build-tmp/smallc/nios2-elf/newlib/ -isystem /cygdrive/d/Uni/Year-2/InfoProc/Group_Proj/group_proj/software/groupProj_bsp/newlib-build-tmp/smallc/nios2-elf/newlib/targ-include -isystem /cygdrive/d/intelfpga_lite/18.1/nios2eds/bin/gnu/src/newlib-2.2/newlib/libc/include -B/cygdrive/d/Uni/Year-2/InfoProc/Group_Proj/group_proj/software/groupProj_bsp/newlib-build-tmp/smallc/nios2-elf/libgloss/nios2 -L/cygdrive/d/Uni/Year-2/InfoProc/Group_Proj/group_proj/software/groupProj_bsp/newlib-build-tmp/smallc/nios2-elf/libgloss/libnosys -L/cygdrive/d/intelfpga_lite/18.1/nios2eds/bin/gnu/src/newlib-2.2/libgloss/nios2    -c  conftest.s 1>&5
configure:2122: $? = 0
configure:2128: result: yes
configure:2138: checking for .popsection assembler directive
configure:2149: /cygdrive/d/Uni/Year-2/InfoProc/Group_Proj/group_proj/software/groupProj_bsp/newlib-build-tmp/build-newlib-stage-wrapper nios2-elf-gcc -B/cygdrive/d/Uni/Year-2/InfoProc/Group_Proj/group_proj/software/groupProj_bsp/newlib-build-tmp/smallc/nios2-elf/newlib/ -isystem /cygdrive/d/Uni/Year-2/InfoProc/Group_Proj/group_proj/software/groupProj_bsp/newlib-build-tmp/smallc/nios2-elf/newlib/targ-include -isystem /cygdrive/d/intelfpga_lite/18.1/nios2eds/bin/gnu/src/newlib-2.2/newlib/libc/include -B/cygdrive/d/Uni/Year-2/InfoProc/Group_Proj/group_proj/software/groupProj_bsp/newlib-build-tmp/smallc/nios2-elf/libgloss/nios2 -L/cygdrive/d/Uni/Year-2/InfoProc/Group_Proj/group_proj/software/groupProj_bsp/newlib-build-tmp/smallc/nios2-elf/libgloss/libnosys -L/cygdrive/d/intelfpga_lite/18.1/nios2eds/bin/gnu/src/newlib-2.2/libgloss/nios2    -c  conftest.s 1>&5
configure:2152: $? = 0
configure:2158: result: yes
configure:2168: checking for section attributes
configure:2179: /cygdrive/d/Uni/Year-2/InfoProc/Group_Proj/group_proj/software/groupProj_bsp/newlib-build-tmp/build-newlib-stage-wrapper nios2-elf-gcc -B/cygdrive/d/Uni/Year-2/InfoProc/Group_Proj/group_proj/software/groupProj_bsp/newlib-build-tmp/smallc/nios2-elf/newlib/ -isystem /cygdrive/d/Uni/Year-2/InfoProc/Group_Proj/group_proj/software/groupProj_bsp/newlib-build-tmp/smallc/nios2-elf/newlib/targ-include -isystem /cygdrive/d/intelfpga_lite/18.1/nios2eds/bin/gnu/src/newlib-2.2/newlib/libc/include -B/cygdrive/d/Uni/Year-2/InfoProc/Group_Proj/group_proj/software/groupProj_bsp/newlib-build-tmp/smallc/nios2-elf/libgloss/nios2 -L/cygdrive/d/Uni/Year-2/InfoProc/Group_Proj/group_proj/software/groupProj_bsp/newlib-build-tmp/smallc/nios2-elf/libgloss/libnosys -L/cygdrive/d/intelfpga_lite/18.1/nios2eds/bin/gnu/src/newlib-2.2/libgloss/nios2    -c  conftest.c 1>&5
configure:2182: $? = 0
configure:2188: result: yes
configure:2199: checking for symbol prefix
configure:2209: /cygdrive/d/Uni/Year-2/InfoProc/Group_Proj/group_proj/software/groupProj_bsp/newlib-build-tmp/build-newlib-stage-wrapper nios2-elf-gcc -B/cygdrive/d/Uni/Year-2/InfoProc/Group_Proj/group_proj/software/groupProj_bsp/newlib-build-tmp/smallc/nios2-elf/newlib/ -isystem /cygdrive/d/Uni/Year-2/InfoProc/Group_Proj/group_proj/software/groupProj_bsp/newlib-build-tmp/smallc/nios2-elf/newlib/targ-include -isystem /cygdrive/d/intelfpga_lite/18.1/nios2eds/bin/gnu/src/newlib-2.2/newlib/libc/include -B/cygdrive/d/Uni/Year-2/InfoProc/Group_Proj/group_proj/software/groupProj_bsp/newlib-build-tmp/smallc/nios2-elf/libgloss/nios2 -L/cygdrive/d/Uni/Year-2/InfoProc/Group_Proj/group_proj/software/groupProj_bsp/newlib-build-tmp/smallc/nios2-elf/libgloss/libnosys -L/cygdrive/d/intelfpga_lite/18.1/nios2eds/bin/gnu/src/newlib-2.2/libgloss/nios2    -S conftest.c -o - | fgrep $foo > /dev/null
conftest.c:1:1: warning: return type defaults to 'int' [-Wimplicit-int]
 foo () { }
 ^
conftest.c: In function 'foo':
conftest.c:1:1: warning: control reaches end of non-void function [-Wreturn-type]
 foo () { }
 ^
configure:2212: $? = 1
configure:2218: /cygdrive/d/Uni/Year-2/InfoProc/Group_Proj/group_proj/software/groupProj_bsp/newlib-build-tmp/build-newlib-stage-wrapper nios2-elf-gcc -B/cygdrive/d/Uni/Year-2/InfoProc/Group_Proj/group_proj/software/groupProj_bsp/newlib-build-tmp/smallc/nios2-elf/newlib/ -isystem /cygdrive/d/Uni/Year-2/InfoProc/Group_Proj/group_proj/software/groupProj_bsp/newlib-build-tmp/smallc/nios2-elf/newlib/targ-include -isystem /cygdrive/d/intelfpga_lite/18.1/nios2eds/bin/gnu/src/newlib-2.2/newlib/libc/include -B/cygdrive/d/Uni/Year-2/InfoProc/Group_Proj/group_proj/software/groupProj_bsp/newlib-build-tmp/smallc/nios2-elf/libgloss/nios2 -L/cygdrive/d/Uni/Year-2/InfoProc/Group_Proj/group_proj/software/groupProj_bsp/newlib-build-tmp/smallc/nios2-elf/libgloss/libnosys -L/cygdrive/d/intelfpga_lite/18.1/nios2eds/bin/gnu/src/newlib-2.2/libgloss/nios2    -S conftest.c -o - | fgrep _foo > /dev/null
conftest.c:1:1: warning: return type defaults to 'int' [-Wimplicit-int]
 foo () { }
 ^
conftest.c: In function 'foo':
conftest.c:1:1: warning: control reaches end of non-void function [-Wreturn-type]
 foo () { }
 ^
configure:2221: $? = 1
configure:2229: result: none
configure:2264: checking for style of include used by make
configure:2292: result: GNU
configure:2319: checking for gcc
configure:2346: result: /cygdrive/d/Uni/Year-2/InfoProc/Group_Proj/group_proj/software/groupProj_bsp/newlib-build-tmp/build-newlib-stage-wrapper nios2-elf-gcc -B/cygdrive/d/Uni/Year-2/InfoProc/Group_Proj/group_proj/software/groupProj_bsp/newlib-build-tmp/smallc/nios2-elf/newlib/ -isystem /cygdrive/d/Uni/Year-2/InfoProc/Group_Proj/group_proj/software/groupProj_bsp/newlib-build-tmp/smallc/nios2-elf/newlib/targ-include -isystem /cygdrive/d/intelfpga_lite/18.1/nios2eds/bin/gnu/src/newlib-2.2/newlib/libc/include -B/cygdrive/d/Uni/Year-2/InfoProc/Group_Proj/group_proj/software/groupProj_bsp/newlib-build-tmp/smallc/nios2-elf/libgloss/nios2 -L/cygdrive/d/Uni/Year-2/InfoProc/Group_Proj/group_proj/software/groupProj_bsp/newlib-build-tmp/smallc/nios2-elf/libgloss/libnosys -L/cygdrive/d/intelfpga_lite/18.1/nios2eds/bin/gnu/src/newlib-2.2/libgloss/nios2   
configure:2357: checking dependency style of /cygdrive/d/Uni/Year-2/InfoProc/Group_Proj/group_proj/software/groupProj_bsp/newlib-build-tmp/build-newlib-stage-wrapper nios2-elf-gcc -B/cygdrive/d/Uni/Year-2/InfoProc/Group_Proj/group_proj/software/groupProj_bsp/newlib-build-tmp/smallc/nios2-elf/newlib/ -isystem /cygdrive/d/Uni/Year-2/InfoProc/Group_Proj/group_proj/software/groupProj_bsp/newlib-build-tmp/smallc/nios2-elf/newlib/targ-include -isystem /cygdrive/d/intelfpga_lite/18.1/nios2eds/bin/gnu/src/newlib-2.2/newlib/libc/include -B/cygdrive/d/Uni/Year-2/InfoProc/Group_Proj/group_proj/software/groupProj_bsp/newlib-build-tmp/smallc/nios2-elf/libgloss/nios2 -L/cygdrive/d/Uni/Year-2/InfoProc/Group_Proj/group_proj/software/groupProj_bsp/newlib-build-tmp/smallc/nios2-elf/libgloss/libnosys -L/cygdrive/d/intelfpga_lite/18.1/nios2eds/bin/gnu/src/newlib-2.2/libgloss/nios2   
configure:2447: result: gcc3
configure:2524: checking whether we are using GNU C
configure:2545: result: yes
configure:2555: checking whether /cygdrive/d/Uni/Year-2/InfoProc/Group_Proj/group_proj/software/groupProj_bsp/newlib-build-tmp/build-newlib-stage-wrapper nios2-elf-gcc -B/cygdrive/d/Uni/Year-2/InfoProc/Group_Proj/group_proj/software/groupProj_bsp/newlib-build-tmp/smallc/nios2-elf/newlib/ -isystem /cygdrive/d/Uni/Year-2/InfoProc/Group_Proj/group_proj/software/groupProj_bsp/newlib-build-tmp/smallc/nios2-elf/newlib/targ-include -isystem /cygdrive/d/intelfpga_lite/18.1/nios2eds/bin/gnu/src/newlib-2.2/newlib/libc/include -B/cygdrive/d/Uni/Year-2/InfoProc/Group_Proj/group_proj/software/groupProj_bsp/newlib-build-tmp/smallc/nios2-elf/libgloss/nios2 -L/cygdrive/d/Uni/Year-2/InfoProc/Group_Proj/group_proj/software/groupProj_bsp/newlib-build-tmp/smallc/nios2-elf/libgloss/libnosys -L/cygdrive/d/intelfpga_lite/18.1/nios2eds/bin/gnu/src/newlib-2.2/libgloss/nios2    accepts -g
configure:2693: result: no
configure:2731: checking for nios2-elf-ranlib
configure:2758: result: /cygdrive/d/Uni/Year-2/InfoProc/Group_Proj/group_proj/software/groupProj_bsp/newlib-build-tmp/build-newlib-stage-wrapper nios2-elf-ranlib
configure:2901: updating cache .././config.cache
configure:2952: creating ./config.status

## ---------------------- ##
## Running config.status. ##
## ---------------------- ##

This file was extended by config.status, which was
generated by GNU Autoconf 2.63.  Invocation command line was

  CONFIG_FILES    = 
  CONFIG_HEADERS  = 
  CONFIG_LINKS    = 
  CONFIG_COMMANDS = 
  $ ./config.status 

on Dell-G15

config.status:802: creating Makefile
config.status:802: creating config.h
config.status:1034: executing depfiles commands

## ---------------- ##
## Cache variables. ##
## ---------------- ##

ac_cv_build=x86_64-unknown-cygwin
ac_cv_c_compiler_gnu=yes
ac_cv_env_CCASFLAGS_set=
ac_cv_env_CCASFLAGS_value=
ac_cv_env_CCAS_set=
ac_cv_env_CCAS_value=
ac_cv_env_build_alias_set=set
ac_cv_env_build_alias_value=x86_64-unknown-cygwin
ac_cv_env_host_alias_set=set
ac_cv_env_host_alias_value=nios2-elf
ac_cv_env_target_alias_set=set
ac_cv_env_target_alias_value=nios2-elf
ac_cv_host=nios2-unknown-elf
ac_cv_path_install='/bin/install -c'
ac_cv_prog_AR='/cygdrive/d/Uni/Year-2/InfoProc/Group_Proj/group_proj/software/groupProj_bsp/newlib-build-tmp/build-newlib-stage-wrapper nios2-elf-ar'
ac_cv_prog_AWK=gawk
ac_cv_prog_CC='/cygdrive/d/Uni/Year-2/InfoProc/Group_Proj/group_proj/software/groupProj_bsp/newlib-build-tmp/build-newlib-stage-wrapper nios2-elf-gcc -B/cygdrive/d/Uni/Year-2/InfoProc/Group_Proj/group_proj/software/groupProj_bsp/newlib-build-tmp/smallc/nios2-elf/newlib/ -isystem /cygdrive/d/Uni/Year-2/InfoProc/Group_Proj/group_proj/software/groupProj_bsp/newlib-build-tmp/smallc/nios2-elf/newlib/targ-include -isystem /cygdrive/d/intelfpga_lite/18.1/nios2eds/bin/gnu/src/newlib-2.2/newlib/libc/include -B/cygdrive/d/Uni/Year-2/InfoProc/Group_Proj/group_proj/software/groupProj_bsp/newlib-build-tmp/smallc/nios2-elf/libgloss/nios2 -L/cygdrive/d/Uni/Year-2/InfoProc/Group_Proj/group_proj/software/groupProj_bsp/newlib-build-tmp/smallc/nios2-elf/libgloss/libnosys -L/cygdrive/d/intelfpga_lite/18.1/nios2eds/bin/gnu/src/newlib-2.2/libgloss/nios2   '
ac_cv_prog_RANLIB='/cygdrive/d/Uni/Year-2/InfoProc/Group_Proj/group_proj/software/groupProj_bsp/newlib-build-tmp/build-newlib-stage-wrapper nios2-elf-ranlib'
ac_cv_prog_STRIP=nios2-elf-strip
ac_cv_prog_cc_g=no
ac_cv_prog_make_make_set=yes
ac_cv_target=nios2-unknown-elf
am_cv_CC_dependencies_compiler_type=gcc3
libc_cv_asm_popsection_directive=yes
libc_cv_asm_previous_directive=yes
libc_cv_initfinit_array=yes
libc_cv_section_attributes=yes

## ----------------- ##
## Output variables. ##
## ----------------- ##

AMDEPBACKSLASH='\'
AMDEP_FALSE='#'
AMDEP_TRUE=''
AR='/cygdrive/d/Uni/Year-2/InfoProc/Group_Proj/group_proj/software/groupProj_bsp/newlib-build-tmp/build-newlib-stage-wrapper nios2-elf-ar'
AS='/cygdrive/d/Uni/Year-2/InfoProc/Group_Proj/group_proj/software/groupProj_bsp/newlib-build-tmp/build-newlib-stage-wrapper nios2-elf-as'
CC='/cygdrive/d/Uni/Year-2/InfoProc/Group_Proj/group_proj/software/groupProj_bsp/newlib-build-tmp/build-newlib-stage-wrapper nios2-elf-gcc -B/cygdrive/d/Uni/Year-2/InfoProc/Group_Proj/group_proj/software/groupProj_bsp/newlib-build-tmp/smallc/nios2-elf/newlib/ -isystem /cygdrive/d/Uni/Year-2/InfoProc/Group_Proj/group_proj/software/groupProj_bsp/newlib-build-tmp/smallc/nios2-elf/newlib/targ-include -isystem /cygdrive/d/intelfpga_lite/18.1/nios2eds/bin/gnu/src/newlib-2.2/newlib/libc/include -B/cygdrive/d/Uni/Year-2/InfoProc/Group_Proj/group_proj/software/groupProj_bsp/newlib-build-tmp/smallc/nios2-elf/libgloss/nios2 -L/cygdrive/d/Uni/Year-2/InfoProc/Group_Proj/group_proj/software/groupProj_bsp/newlib-build-tmp/smallc/nios2-elf/libgloss/libnosys -L/cygdrive/d/intelfpga_lite/18.1/nios2eds/bin/gnu/src/newlib-2.2/libgloss/nios2   '
CCAS='/cygdrive/d/Uni/Year-2/InfoProc/Group_Proj/group_proj/software/groupProj_bsp/newlib-build-tmp/build-newlib-stage-wrapper nios2-elf-gcc -B/cygdrive/d/Uni/Year-2/InfoProc/Group_Proj/group_proj/software/groupProj_bsp/newlib-build-tmp/smallc/nios2-elf/newlib/ -isystem /cygdrive/d/Uni/Year-2/InfoProc/Group_Proj/group_proj/software/groupProj_bsp/newlib-build-tmp/smallc/nios2-elf/newlib/targ-include -isystem /cygdrive/d/intelfpga_lite/18.1/nios2eds/bin/gnu/src/newlib-2.2/newlib/libc/include -B/cygdrive/d/Uni/Year-2/InfoProc/Group_Proj/group_proj/software/groupProj_bsp/newlib-build-tmp/smallc/nios2-elf/libgloss/nios2 -L/cygdrive/d/Uni/Year-2/InfoProc/Group_Proj/group_proj/software/groupProj_bsp/newlib-build-tmp/smallc/nios2-elf/libgloss/libnosys -L/cygdrive/d/intelfpga_lite/18.1/nios2eds/bin/gnu/src/newlib-2.2/libgloss/nios2   '
CCASFLAGS=''
CCDEPMODE='depmode=gcc3'
DEFS='-DHAVE_CONFIG_H'
DEPDIR='.deps'
ECHO_C=''
ECHO_N='-n'
ECHO_T=''
INSTALL_DATA='${INSTALL} -m 644'
INSTALL_PROGRAM='${INSTALL}'
INSTALL_SCRIPT='${INSTALL}'
LD='nios2-elf-ld'
LIBOBJS=''
LIBS=''
LTLIBOBJS=''
PACKAGE_BUGREPORT=''
PACKAGE_NAME=''
PACKAGE_STRING=''
PACKAGE_TARNAME=''
PACKAGE_VERSION=''
PATH_SEPARATOR=':'
RANLIB='/cygdrive/d/Uni/Year-2/InfoProc/Group_Proj/group_proj/software/groupProj_bsp/newlib-build-tmp/build-newlib-stage-wrapper nios2-elf-ranlib'
SHELL='/bin/sh'
am__fastdepCC_FALSE='#'
am__fastdepCC_TRUE=''
am__include='include'
am__leading_dot='.'
am__quote=''
bindir='${exec_prefix}/bin'
build='x86_64-unknown-cygwin'
build_alias='x86_64-unknown-cygwin'
build_cpu='x86_64'
build_os='cygwin'
build_vendor='unknown'
datadir='${datarootdir}'
datarootdir='${prefix}/share'
docdir='${datarootdir}/doc/${PACKAGE}'
dvidir='${docdir}'
exec_prefix='${prefix}'
host='nios2-unknown-elf'
host_alias='nios2-elf'
host_cpu='nios2'
host_makefile_frag_path='/cygdrive/d/intelfpga_lite/18.1/nios2eds/bin/gnu/src/newlib-2.2/libgloss/nios2/../config/default.mh'
host_os='elf'
host_vendor='unknown'
htmldir='${docdir}'
includedir='${prefix}/include'
infodir='${datarootdir}/info'
libdir='${exec_prefix}/lib'
libexecdir='${exec_prefix}/libexec'
localedir='${datarootdir}/locale'
localstatedir='${prefix}/var'
mandir='${datarootdir}/man'
oldincludedir='/usr/include'
pdfdir='${docdir}'
prefix='/cygdrive/d/Uni/Year-2/InfoProc/Group_Proj/group_proj/software/groupProj_bsp/newlib'
program_transform_name='s&^&nios2-elf-&'
psdir='${docdir}'
sbindir='${exec_prefix}/sbin'
sharedstatedir='${prefix}/com'
sysconfdir='${prefix}/etc'
target='nios2-unknown-elf'
target_alias='nios2-elf'
target_cpu='nios2'
target_os='elf'
target_vendor='unknown'

## ------------------- ##
## File substitutions. ##
## ------------------- ##

host_makefile_frag='/cygdrive/d/intelfpga_lite/18.1/nios2eds/bin/gnu/src/newlib-2.2/libgloss/nios2/../config/default.mh'

## ----------- ##
## confdefs.h. ##
## ----------- ##

#define PACKAGE_NAME ""
#define PACKAGE_TARNAME ""
#define PACKAGE_VERSION ""
#define PACKAGE_STRING ""
#define PACKAGE_BUGREPORT ""
#define HAVE_GNU_LD 1
#define MISSING_SYSCALL_NAMES 1
#define HAVE_ELF 1
#define HAVE_ASM_PREVIOUS_DIRECTIVE 1
#define HAVE_ASM_POPSECTION_DIRECTIVE 1
#define HAVE_SECTION_ATTRIBUTES 1
#define __SYMBOL_PREFIX ""

configure: exit 0
